Using pre-set license
Built from '6000.1/staging' branch; Version is '6000.1.1f1 (7197418f847b) revision 7444289'; Using compiler version '194234433'; Build Type 'Release'
OS: 'Windows 11  (10.0.26100) 64bit CoreSingleLanguage' Language: 'en' Physical Memory: 16050 MB
BatchMode: 1, IsHumanControllingUs: 0, StartBugReporterOnCrash: 0, Is64bit: 1, IsPro: 1
Date: 2025-05-31T12:39:12Z

COMMAND LINE ARGUMENTS:
C:\Program Files\Unity\Hub\Editor\6000.1.1f1\Editor\Unity.exe
-adb2
-batchMode
-noUpm
-name
AssetImportWorker8
-projectPath
C:/Users/subha/Fav game implement
-logFile
Logs/AssetImportWorker8.log
-srvPort
51971
-job-worker-count
7
-background-job-worker-count
8
-gc-helper-count
1
-name
AssetImport
Successfully changed project path to: C:/Users/subha/Fav game implement
C:/Users/subha/Fav game implement
[UnityMemory] Configuration Parameters - Can be set up in boot.config
    "memorysetup-allocator-temp-initial-block-size-main=262144"
    "memorysetup-allocator-temp-initial-block-size-worker=262144"
    "memorysetup-bucket-allocator-granularity=16"
    "memorysetup-bucket-allocator-bucket-count=8"
    "memorysetup-bucket-allocator-block-size=33554432"
    "memorysetup-bucket-allocator-block-count=8"
    "memorysetup-main-allocator-block-size=16777216"
    "memorysetup-thread-allocator-block-size=16777216"
    "memorysetup-gfx-main-allocator-block-size=16777216"
    "memorysetup-gfx-thread-allocator-block-size=16777216"
    "memorysetup-cache-allocator-block-size=4194304"
    "memorysetup-typetree-allocator-block-size=2097152"
    "memorysetup-profiler-bucket-allocator-granularity=16"
    "memorysetup-profiler-bucket-allocator-bucket-count=8"
    "memorysetup-profiler-bucket-allocator-block-size=33554432"
    "memorysetup-profiler-bucket-allocator-block-count=8"
    "memorysetup-profiler-allocator-block-size=16777216"
    "memorysetup-profiler-editor-allocator-block-size=1048576"
    "memorysetup-temp-allocator-size-main=16777216"
    "memorysetup-job-temp-allocator-block-size=2097152"
    "memorysetup-job-temp-allocator-block-size-background=1048576"
    "memorysetup-job-temp-allocator-reduction-small-platforms=262144"
    "memorysetup-temp-allocator-size-background-worker=32768"
    "memorysetup-temp-allocator-size-job-worker=262144"
    "memorysetup-temp-allocator-size-preload-manager=33554432"
    "memorysetup-temp-allocator-size-nav-mesh-worker=65536"
    "memorysetup-temp-allocator-size-audio-worker=65536"
    "memorysetup-temp-allocator-size-cloud-worker=32768"
    "memorysetup-temp-allocator-size-gi-baking-worker=262144"
    "memorysetup-temp-allocator-size-gi-baking-worker=262144"
    "memorysetup-temp-allocator-size-gi-baking-worker=262144"
    "memorysetup-temp-allocator-size-gi-baking-worker=262144"
    "memorysetup-temp-allocator-size-gi-baking-worker=262144"
    "memorysetup-temp-allocator-size-gfx=262144"
Player connection [25248]  Target information:

Player connection [25248]  * "[IP] 192.168.74.72 [Port] 0 [Flags] 2 [Guid] 3160823414 [EditorId] 3160823414 [Version] 1048832 [Id] WindowsEditor(7,Samriddhi) [Debug] 1 [PackageName] WindowsEditor [ProjectName] Editor" 

Player connection [25248] Host joined multi-casting on [225.0.0.222:54997]...
Player connection [25248] Host joined alternative multi-casting on [225.0.0.222:34997]...
JobSystem: Creating JobQueue using job-worker-count value 7
Input System module state changed to: Initialized.
[Physics::Module] Initialized fallback backend.
[Physics::Module] Id: 0xdecafbad
Library Redirect Path: Library/
[Physics::Module] Selected backend.
[Physics::Module] Name: PhysX
[Physics::Module] Id: 0xf2b8ea05
[Physics::Module] SDK Version: 4.1.2
[Physics::Module] Integration Version: 1.0.0
[Physics::Module] Threading Mode: Multi-Threaded
Refreshing native plugins compatible for Editor in 1.66 ms, found 3 plugins.
Preloading 0 native plugins for Editor in 0.00 ms.
Initialize engine version: 6000.1.1f1 (7197418f847b)
[Subsystems] Discovering subsystems at path C:/Program Files/Unity/Hub/Editor/6000.1.1f1/Editor/Data/Resources/UnitySubsystems
[Subsystems] Discovering subsystems at path C:/Users/subha/Fav game implement/Assets
GfxDevice: creating device client; kGfxThreadingModeNonThreaded
Direct3D:
    Version:         Direct3D 12 [level 12.1]
    Renderer:        NVIDIA GeForce RTX 3050 4GB Laptop GPU (ID=0x25ab)
    Vendor:          NVIDIA
    VRAM:            3965 MB
    App VRAM Budget: 3370 MB
    Driver:          32.0.15.6614
Initialize mono
Mono path[0] = 'C:/Program Files/Unity/Hub/Editor/6000.1.1f1/Editor/Data/Managed'
Mono path[1] = 'C:/Program Files/Unity/Hub/Editor/6000.1.1f1/Editor/Data/MonoBleedingEdge/lib/mono/unityjit-win32'
Mono config path = 'C:/Program Files/Unity/Hub/Editor/6000.1.1f1/Editor/Data/MonoBleedingEdge/etc'
Using monoOptions --debugger-agent=transport=dt_socket,embedding=1,server=y,suspend=n,address=127.0.0.1:56952
Begin MonoManager ReloadAssembly
Registering precompiled unity dll's ...
Register platform support module: C:/Program Files/Unity/Hub/Editor/6000.1.1f1/Editor/Data/PlaybackEngines/WebGLSupport/UnityEditor.WebGL.Extensions.dll
Register platform support module: C:/Program Files/Unity/Hub/Editor/6000.1.1f1/Editor/Data/PlaybackEngines/WindowsStandaloneSupport/UnityEditor.WindowsStandalone.Extensions.dll
Register platform support module: C:/Program Files/Unity/Hub/Editor/6000.1.1f1/Editor/Data/PlaybackEngines/AndroidPlayer/UnityEditor.Android.Extensions.dll
Registered in 0.001557 seconds.
- Loaded All Assemblies, in  0.328 seconds
Native extension for Android target not found
Android Extension - Scanning For ADB Devices 278 ms
Native extension for WindowsStandalone target not found
Native extension for WebGL target not found
Mono: successfully reloaded assembly
- Finished resetting the current domain, in  0.593 seconds
Domain Reload Profiling: 919ms
	BeginReloadAssembly (120ms)
		ExecutionOrderSort (0ms)
		DisableScriptedObjects (0ms)
		BackupInstance (0ms)
		ReleaseScriptingObjects (0ms)
		CreateAndSetChildDomain (1ms)
	RebuildCommonClasses (28ms)
	RebuildNativeTypeToScriptingClass (9ms)
	initialDomainReloadingComplete (37ms)
	LoadAllAssembliesAndSetupDomain (132ms)
		LoadAssemblies (116ms)
		RebuildTransferFunctionScriptingTraits (0ms)
		AnalyzeDomain (129ms)
			TypeCache.Refresh (128ms)
				TypeCache.ScanAssembly (115ms)
			BuildScriptInfoCaches (0ms)
			ResolveRequiredComponents (0ms)
	FinalizeReload (594ms)
		ReleaseScriptCaches (0ms)
		RebuildScriptCaches (0ms)
		SetupLoadedEditorAssemblies (556ms)
			LogAssemblyErrors (0ms)
			InitializePlatformSupportModulesInManaged (355ms)
			SetLoadedEditorAssemblies (3ms)
			BeforeProcessingInitializeOnLoad (51ms)
			ProcessInitializeOnLoadAttributes (108ms)
			ProcessInitializeOnLoadMethodAttributes (38ms)
			AfterProcessingInitializeOnLoad (0ms)
			EditorAssembliesLoaded (0ms)
		ExecutionOrderSort2 (0ms)
		AwakeInstancesAfterBackupRestoration (0ms)
Assembly reference Packages/com.unity.cinemachine/Editor/Samples/ExposeHDRPInternals/HDRP-Editor-ref.asmref has no target assembly definition
========================================================================
Worker process is ready to serve import requests
Import Worker Mode flag is 0x00
Assembly reference Packages/com.unity.cinemachine/Editor/Samples/ExposeHDRPInternals/HDRP-Editor-ref.asmref has no target assembly definition
Assembly reference Packages/com.unity.cinemachine/Editor/Samples/ExposeHDRPInternals/HDRP-Editor-ref.asmref has no target assembly definition
Begin MonoManager ReloadAssembly
- Loaded All Assemblies, in  0.707 seconds
Assembly reference Packages/com.unity.cinemachine/Editor/Samples/ExposeHDRPInternals/HDRP-Editor-ref.asmref has no target assembly definition
'Packages/com.unity.cinemachine/Editor/Obsolete/CinemachineVirtualCameraBaseEditor.cs' contains partial class of Unity.Object, exactly 1 of the partial classes needs to be in a file with the same filename. This is to know the one that can be referenced from ie. GameObjects
'Packages/com.unity.cinemachine/Editor/Editors/CinemachineVirtualCameraBaseEditor.cs' contains partial class of Unity.Object, exactly 1 of the partial classes needs to be in a file with the same filename. This is to know the one that can be referenced from ie. GameObjects
Refreshing native plugins compatible for Editor in 0.53 ms, found 3 plugins.
Native extension for Android target not found
Native extension for WindowsStandalone target not found
Native extension for WebGL target not found
Assembly reference Packages/com.unity.cinemachine/Editor/Samples/ExposeHDRPInternals/HDRP-Editor-ref.asmref has no target assembly definition
Package Manager log level set to [2]
[Package Manager] Failed to launch server process. Reason: Unity was launched with the -noUpm command-line argument
[Package Manager] Unable to send message (not connected to server process).
[Package Manager] Cannot connect to Unity Package Manager local server
Mono: successfully reloaded assembly
- Finished resetting the current domain, in  0.656 seconds
Domain Reload Profiling: 1359ms
	BeginReloadAssembly (190ms)
		ExecutionOrderSort (0ms)
		DisableScriptedObjects (4ms)
		BackupInstance (0ms)
		ReleaseScriptingObjects (0ms)
		CreateAndSetChildDomain (23ms)
	RebuildCommonClasses (34ms)
	RebuildNativeTypeToScriptingClass (10ms)
	initialDomainReloadingComplete (35ms)
	LoadAllAssembliesAndSetupDomain (433ms)
		LoadAssemblies (358ms)
		RebuildTransferFunctionScriptingTraits (0ms)
		AnalyzeDomain (211ms)
			TypeCache.Refresh (158ms)
				TypeCache.ScanAssembly (142ms)
			BuildScriptInfoCaches (42ms)
			ResolveRequiredComponents (9ms)
	FinalizeReload (656ms)
		ReleaseScriptCaches (0ms)
		RebuildScriptCaches (0ms)
		SetupLoadedEditorAssemblies (510ms)
			LogAssemblyErrors (0ms)
			InitializePlatformSupportModulesInManaged (9ms)
			SetLoadedEditorAssemblies (4ms)
			BeforeProcessingInitializeOnLoad (121ms)
			ProcessInitializeOnLoadAttributes (320ms)
			ProcessInitializeOnLoadMethodAttributes (52ms)
			AfterProcessingInitializeOnLoad (4ms)
			EditorAssembliesLoaded (0ms)
		ExecutionOrderSort2 (0ms)
		AwakeInstancesAfterBackupRestoration (5ms)
Launched and connected shader compiler UnityShaderCompiler.exe after 0.01 seconds
Refreshing native plugins compatible for Editor in 0.81 ms, found 3 plugins.
Preloading 0 native plugins for Editor in 0.00 ms.
Unloading 218 Unused Serialized files (Serialized files now loaded: 0)
Unloading 6366 unused Assets / (4.0 MB). Loaded Objects now: 7080.
Memory consumption went from 173.3 MB to 169.4 MB.
Total: 10.571100 ms (FindLiveObjects: 1.984600 ms CreateObjectMapping: 0.553400 ms MarkObjects: 5.666200 ms  DeleteObjects: 2.365000 ms)

========================================================================
Received Import Request.
  Time since last request: 93704.777986 seconds.
  path: Assets/CorePro/Flat Pack/Shapes/Rectangle 512x512 black frame/Rectangle 512x512 I Round 00px/Rectangle  00r  100t  10s- frame.png
  artifactKey: Guid(2c6a1a3886628bb40998edd6a05c5be4) Importer(815301076,1909f56bfc062723c751e8b465ee728b)
Start importing Assets/CorePro/Flat Pack/Shapes/Rectangle 512x512 black frame/Rectangle 512x512 I Round 00px/Rectangle  00r  100t  10s- frame.png using Guid(2c6a1a3886628bb40998edd6a05c5be4) Importer(815301076,1909f56bfc062723c751e8b465ee728b) (PreviewImporter) -> (artifact id: '5d6aeb09e6aa76bd3c633cee25337150') in 0.1247125 seconds
Number of updated asset objects reloaded before import = 0Number of asset objects unloaded after import = 3

========================================================================
Received Import Request.
  Time since last request: 1.631161 seconds.
  path: Assets/CorePro/Flat Pack/Shapes/Rectangle 512x512 black frame/Rectangle 512x512 I Round 00px/Rectangle  00r  100t  3s- frame.png
  artifactKey: Guid(911809435e8d5e642b92177324adfdfa) Importer(815301076,1909f56bfc062723c751e8b465ee728b)
Start importing Assets/CorePro/Flat Pack/Shapes/Rectangle 512x512 black frame/Rectangle 512x512 I Round 00px/Rectangle  00r  100t  3s- frame.png using Guid(911809435e8d5e642b92177324adfdfa) Importer(815301076,1909f56bfc062723c751e8b465ee728b) (PreviewImporter) -> (artifact id: '4f4c0c6f0542ea3a943c41d6adb3aae8') in 0.0169023 seconds
Number of updated asset objects reloaded before import = 0Number of asset objects unloaded after import = 3

========================================================================
Received Import Request.
  Time since last request: 0.272576 seconds.
  path: Assets/CorePro/Flat Pack/Shapes/Rectangle 512x512 black frame/Rectangle 512x512 I Round 00px/Rectangle  00r  80t  5s.png
  artifactKey: Guid(3f67bfee165ec724db118a72893cbec8) Importer(815301076,1909f56bfc062723c751e8b465ee728b)
Start importing Assets/CorePro/Flat Pack/Shapes/Rectangle 512x512 black frame/Rectangle 512x512 I Round 00px/Rectangle  00r  80t  5s.png using Guid(3f67bfee165ec724db118a72893cbec8) Importer(815301076,1909f56bfc062723c751e8b465ee728b) (PreviewImporter) -> (artifact id: '7153242466d0b5a2073f3f158a93bd06') in 0.0164968 seconds
Number of updated asset objects reloaded before import = 0Number of asset objects unloaded after import = 3

========================================================================
Received Import Request.
  Time since last request: 0.000015 seconds.
  path: Assets/CorePro/Flat Pack/Shapes/Rectangle 512x512 black frame/Rectangle 512x512 I Round 00px/Rectangle  00r  80t  3s.png
  artifactKey: Guid(81828895f8cb248409fcd5c707730f9d) Importer(815301076,1909f56bfc062723c751e8b465ee728b)
Start importing Assets/CorePro/Flat Pack/Shapes/Rectangle 512x512 black frame/Rectangle 512x512 I Round 00px/Rectangle  00r  80t  3s.png using Guid(81828895f8cb248409fcd5c707730f9d) Importer(815301076,1909f56bfc062723c751e8b465ee728b) (PreviewImporter) -> (artifact id: '04697956b4d979077d2fc6d1bb55d181') in 0.0349851 seconds
Number of updated asset objects reloaded before import = 0Number of asset objects unloaded after import = 3

========================================================================
Received Import Request.
  Time since last request: 0.000016 seconds.
  path: Assets/CorePro/Flat Pack/Shapes/Rectangle 512x512 black frame/Rectangle 512x512 I Round 00px/Rectangle  00r  50t  5s.png
  artifactKey: Guid(59f7cf1d57129344dabfecbf5cdc25a7) Importer(815301076,1909f56bfc062723c751e8b465ee728b)
Start importing Assets/CorePro/Flat Pack/Shapes/Rectangle 512x512 black frame/Rectangle 512x512 I Round 00px/Rectangle  00r  50t  5s.png using Guid(59f7cf1d57129344dabfecbf5cdc25a7) Importer(815301076,1909f56bfc062723c751e8b465ee728b) (PreviewImporter) -> (artifact id: '1f5acf3f84f49249ac607af2eb251aa7') in 0.0430042 seconds
Number of updated asset objects reloaded before import = 0Number of asset objects unloaded after import = 3

========================================================================
Received Import Request.
  Time since last request: 0.000164 seconds.
  path: Assets/CorePro/Flat Pack/Shapes/Rectangle 512x512 black frame/Rectangle 512x512 I Round 00px/Rectangle  00r  50t  3s.png
  artifactKey: Guid(352d7d5a0d637764f8fee6bb261a95db) Importer(815301076,1909f56bfc062723c751e8b465ee728b)
Start importing Assets/CorePro/Flat Pack/Shapes/Rectangle 512x512 black frame/Rectangle 512x512 I Round 00px/Rectangle  00r  50t  3s.png using Guid(352d7d5a0d637764f8fee6bb261a95db) Importer(815301076,1909f56bfc062723c751e8b465ee728b) (PreviewImporter) -> (artifact id: '8530d28fd8585574a552230dcfa7777c') in 0.0500759 seconds
Number of updated asset objects reloaded before import = 0Number of asset objects unloaded after import = 3

========================================================================
Received Import Request.
  Time since last request: 0.150188 seconds.
  path: Assets/CorePro/Flat Pack/Shapes/Rectangle 512x512 black frame/Rectangle 512x512 I Round 00px/Rectangle  00r  25t   10s.png
  artifactKey: Guid(d662a6932c26f5649b822b214b8dfd92) Importer(815301076,1909f56bfc062723c751e8b465ee728b)
Start importing Assets/CorePro/Flat Pack/Shapes/Rectangle 512x512 black frame/Rectangle 512x512 I Round 00px/Rectangle  00r  25t   10s.png using Guid(d662a6932c26f5649b822b214b8dfd92) Importer(815301076,1909f56bfc062723c751e8b465ee728b) (PreviewImporter) -> (artifact id: 'fa56ef9aceb83ccddfcf36dc43b5432c') in 0.0104012 seconds
Number of updated asset objects reloaded before import = 0Number of asset objects unloaded after import = 3

========================================================================
Received Import Request.
  Time since last request: 0.000015 seconds.
  path: Assets/CorePro/Flat Pack/Shapes/Rectangle 512x512 black frame/Rectangle 512x512 I Round 00px/Rectangle  00r  25t   5s.png
  artifactKey: Guid(e31c866eeee82684399dcdd03a88d8db) Importer(815301076,1909f56bfc062723c751e8b465ee728b)
Start importing Assets/CorePro/Flat Pack/Shapes/Rectangle 512x512 black frame/Rectangle 512x512 I Round 00px/Rectangle  00r  25t   5s.png using Guid(e31c866eeee82684399dcdd03a88d8db) Importer(815301076,1909f56bfc062723c751e8b465ee728b) (PreviewImporter) -> (artifact id: '002beb4be6c04596d89a652f315deefd') in 0.0314283 seconds
Number of updated asset objects reloaded before import = 0Number of asset objects unloaded after import = 3

========================================================================
Received Import Request.
  Time since last request: 0.000019 seconds.
  path: Assets/CorePro/Flat Pack/Shapes/Rectangle 512x512 black frame/Rectangle 512x512 I Round 00px/Rectangle  00r  25t   0s - fill.png
  artifactKey: Guid(cc2abeeed0f73404ebd48c03e06377ff) Importer(815301076,1909f56bfc062723c751e8b465ee728b)
Start importing Assets/CorePro/Flat Pack/Shapes/Rectangle 512x512 black frame/Rectangle 512x512 I Round 00px/Rectangle  00r  25t   0s - fill.png using Guid(cc2abeeed0f73404ebd48c03e06377ff) Importer(815301076,1909f56bfc062723c751e8b465ee728b) (PreviewImporter) -> (artifact id: '3b5039b5709e1345078b1b0f1d8ae265') in 0.0121738 seconds
Number of updated asset objects reloaded before import = 0Number of asset objects unloaded after import = 3

========================================================================
Received Import Request.
  Time since last request: 0.205572 seconds.
  path: Assets/CorePro/Flat Pack/Shapes/Rectangle 512x512 black frame/Rectangle 512x512 I Round 00px/Rectangle  00r  00t  10s.png
  artifactKey: Guid(e625a21e7dcddfd4995886386a007ed2) Importer(815301076,1909f56bfc062723c751e8b465ee728b)
Start importing Assets/CorePro/Flat Pack/Shapes/Rectangle 512x512 black frame/Rectangle 512x512 I Round 00px/Rectangle  00r  00t  10s.png using Guid(e625a21e7dcddfd4995886386a007ed2) Importer(815301076,1909f56bfc062723c751e8b465ee728b) (PreviewImporter) -> (artifact id: '3905008480e3622511198978e2334940') in 0.0088941 seconds
Number of updated asset objects reloaded before import = 0Number of asset objects unloaded after import = 3

========================================================================
Received Import Request.
  Time since last request: 0.078443 seconds.
  path: Assets/CorePro/Flat Pack/Shapes/Rectangle 512x512 black frame/Rectangle 512x512 I Round 00px/Rectangle  00r  00t  0s - fill.png
  artifactKey: Guid(9206a74a80fcf7f44872df9808e6f59b) Importer(815301076,1909f56bfc062723c751e8b465ee728b)
Start importing Assets/CorePro/Flat Pack/Shapes/Rectangle 512x512 black frame/Rectangle 512x512 I Round 00px/Rectangle  00r  00t  0s - fill.png using Guid(9206a74a80fcf7f44872df9808e6f59b) Importer(815301076,1909f56bfc062723c751e8b465ee728b) (PreviewImporter) -> (artifact id: 'c6606983e737968800e3fe3036eeae48') in 0.0239062 seconds
Number of updated asset objects reloaded before import = 0Number of asset objects unloaded after import = 3

========================================================================
Received Import Request.
  Time since last request: 0.000016 seconds.
  path: Assets/CorePro/Flat Pack/Shapes/Rectangle 512x512 black frame/Rectangle 512x512 I Round 00px/Rectangle  00r  00t  5s.png
  artifactKey: Guid(4bad5ccf47a76e34194281d6e9756b0c) Importer(815301076,1909f56bfc062723c751e8b465ee728b)
Start importing Assets/CorePro/Flat Pack/Shapes/Rectangle 512x512 black frame/Rectangle 512x512 I Round 00px/Rectangle  00r  00t  5s.png using Guid(4bad5ccf47a76e34194281d6e9756b0c) Importer(815301076,1909f56bfc062723c751e8b465ee728b) (PreviewImporter) -> (artifact id: 'c102ab575900423b3032f36c571c3212') in 0.0093722 seconds
Number of updated asset objects reloaded before import = 0Number of asset objects unloaded after import = 3

========================================================================
Received Import Request.
  Time since last request: 4.116013 seconds.
  path: Assets/CorePro/Flat Pack/Shapes/Rank/Rank type A - frame 15.png
  artifactKey: Guid(2e90c2b497ad66740a3775c58dab8f69) Importer(815301076,1909f56bfc062723c751e8b465ee728b)
Start importing Assets/CorePro/Flat Pack/Shapes/Rank/Rank type A - frame 15.png using Guid(2e90c2b497ad66740a3775c58dab8f69) Importer(815301076,1909f56bfc062723c751e8b465ee728b) (PreviewImporter) -> (artifact id: 'f6a20dc13c01c8caaa1a6870b85c97bd') in 0.0133335 seconds
Number of updated asset objects reloaded before import = 0Number of asset objects unloaded after import = 3

========================================================================
Received Import Request.
  Time since last request: 0.624553 seconds.
  path: Assets/CorePro/Flat Pack/Shapes/Rank/Rank type A - frame 5.png
  artifactKey: Guid(46c0f17c22fa0844f837f4a09035c74b) Importer(815301076,1909f56bfc062723c751e8b465ee728b)
Start importing Assets/CorePro/Flat Pack/Shapes/Rank/Rank type A - frame 5.png using Guid(46c0f17c22fa0844f837f4a09035c74b) Importer(815301076,1909f56bfc062723c751e8b465ee728b) (PreviewImporter) -> (artifact id: '2044f8335b809d9ee107d26abe827f39') in 0.049277 seconds
Number of updated asset objects reloaded before import = 0Number of asset objects unloaded after import = 3

========================================================================
Received Import Request.
  Time since last request: 1.543518 seconds.
  path: Assets/CorePro/Flat Pack/Shapes/Rank/Rank - background.png
  artifactKey: Guid(446cdce9a87eeb74f8e608376a60e96a) Importer(815301076,1909f56bfc062723c751e8b465ee728b)
Start importing Assets/CorePro/Flat Pack/Shapes/Rank/Rank - background.png using Guid(446cdce9a87eeb74f8e608376a60e96a) Importer(815301076,1909f56bfc062723c751e8b465ee728b) (PreviewImporter) -> (artifact id: '8f897f731113258c3bdd7f7f39925f6c') in 0.0147389 seconds
Number of updated asset objects reloaded before import = 0Number of asset objects unloaded after import = 3

========================================================================
Received Import Request.
  Time since last request: 0.000015 seconds.
  path: Assets/CorePro/Flat Pack/Icons/Status Weather Elements/Rainbow 3.png
  artifactKey: Guid(5f0df964732655c4384e19ede47413e0) Importer(815301076,1909f56bfc062723c751e8b465ee728b)
Start importing Assets/CorePro/Flat Pack/Icons/Status Weather Elements/Rainbow 3.png using Guid(5f0df964732655c4384e19ede47413e0) Importer(815301076,1909f56bfc062723c751e8b465ee728b) (PreviewImporter) -> (artifact id: '4e175e06a65ca6d8f16bfc2420f730c4') in 0.0161021 seconds
Number of updated asset objects reloaded before import = 0Number of asset objects unloaded after import = 3

========================================================================
Received Import Request.
  Time since last request: 0.030528 seconds.
  path: Assets/CorePro/Flat Pack/Icons/Status Weather Elements/Rain 4.png
  artifactKey: Guid(a1108caaad5d4534a81188792509c945) Importer(815301076,1909f56bfc062723c751e8b465ee728b)
Start importing Assets/CorePro/Flat Pack/Icons/Status Weather Elements/Rain 4.png using Guid(a1108caaad5d4534a81188792509c945) Importer(815301076,1909f56bfc062723c751e8b465ee728b) (PreviewImporter) -> (artifact id: '0c13ff8cad162c8031cee8a446779205') in 0.0304756 seconds
Number of updated asset objects reloaded before import = 0Number of asset objects unloaded after import = 3

========================================================================
Received Import Request.
  Time since last request: 0.000017 seconds.
  path: Assets/CorePro/Flat Pack/Icons/Status Weather Elements/Rain 2.png
  artifactKey: Guid(1857a4ae59d6294459610c3127ccaa4f) Importer(815301076,1909f56bfc062723c751e8b465ee728b)
Start importing Assets/CorePro/Flat Pack/Icons/Status Weather Elements/Rain 2.png using Guid(1857a4ae59d6294459610c3127ccaa4f) Importer(815301076,1909f56bfc062723c751e8b465ee728b) (PreviewImporter) -> (artifact id: 'a071a6874fad11b2d8c8604cec62f724') in 0.0196742 seconds
Number of updated asset objects reloaded before import = 0Number of asset objects unloaded after import = 3

========================================================================
Received Import Request.
  Time since last request: 0.143996 seconds.
  path: Assets/CorePro/Flat Pack/Icons/Shooter/Radars/Radar 8.png
  artifactKey: Guid(cb61803c839851943938c570ab7e9589) Importer(815301076,1909f56bfc062723c751e8b465ee728b)
Start importing Assets/CorePro/Flat Pack/Icons/Shooter/Radars/Radar 8.png using Guid(cb61803c839851943938c570ab7e9589) Importer(815301076,1909f56bfc062723c751e8b465ee728b) (PreviewImporter) -> (artifact id: 'b038a4163163bde373e260a73bc7556e') in 0.0135875 seconds
Number of updated asset objects reloaded before import = 0Number of asset objects unloaded after import = 3

========================================================================
Received Import Request.
  Time since last request: 0.000012 seconds.
  path: Assets/CorePro/Flat Pack/Icons/Shooter/Radars/Radar 7.png
  artifactKey: Guid(3ab3b86025250bb45be6a581e4e6af58) Importer(815301076,1909f56bfc062723c751e8b465ee728b)
Start importing Assets/CorePro/Flat Pack/Icons/Shooter/Radars/Radar 7.png using Guid(3ab3b86025250bb45be6a581e4e6af58) Importer(815301076,1909f56bfc062723c751e8b465ee728b) (PreviewImporter) -> (artifact id: '8283a300327bad4238f2a4c265938f5b') in 0.0121817 seconds
Number of updated asset objects reloaded before import = 0Number of asset objects unloaded after import = 3

========================================================================
Received Import Request.
  Time since last request: 0.006873 seconds.
  path: Assets/CorePro/Flat Pack/Icons/Shooter/Radars/Radar 4.png
  artifactKey: Guid(646699fddc4b3d9439d9771a765f9205) Importer(815301076,1909f56bfc062723c751e8b465ee728b)
Start importing Assets/CorePro/Flat Pack/Icons/Shooter/Radars/Radar 4.png using Guid(646699fddc4b3d9439d9771a765f9205) Importer(815301076,1909f56bfc062723c751e8b465ee728b) (PreviewImporter) -> (artifact id: 'c0c11ea819d214c9be2a357e16337c19') in 0.012208 seconds
Number of updated asset objects reloaded before import = 0Number of asset objects unloaded after import = 3

========================================================================
Received Import Request.
  Time since last request: 0.592319 seconds.
  path: Assets/CorePro/Flat Pack/Icons/Shooter/Radars/Radar 2.png
  artifactKey: Guid(f10fb7716e9d6c84d8c382bcd7a2abd4) Importer(815301076,1909f56bfc062723c751e8b465ee728b)
Start importing Assets/CorePro/Flat Pack/Icons/Shooter/Radars/Radar 2.png using Guid(f10fb7716e9d6c84d8c382bcd7a2abd4) Importer(815301076,1909f56bfc062723c751e8b465ee728b) (PreviewImporter) -> (artifact id: '65862993dbc503de06e67257aa7d4aa1') in 0.0105315 seconds
Number of updated asset objects reloaded before import = 0Number of asset objects unloaded after import = 3

========================================================================
Received Import Request.
  Time since last request: 0.057578 seconds.
  path: Assets/CorePro/Flat Pack/Icons/App/Signs/Question mark typeB 3.png
  artifactKey: Guid(fa51b2ecab932ca4b9db4b306fd295d2) Importer(815301076,1909f56bfc062723c751e8b465ee728b)
Start importing Assets/CorePro/Flat Pack/Icons/App/Signs/Question mark typeB 3.png using Guid(fa51b2ecab932ca4b9db4b306fd295d2) Importer(815301076,1909f56bfc062723c751e8b465ee728b) (PreviewImporter) -> (artifact id: '36b6470fbce02ec0b6a23f00051f18ba') in 0.0088239 seconds
Number of updated asset objects reloaded before import = 0Number of asset objects unloaded after import = 3

========================================================================
Received Import Request.
  Time since last request: 0.000010 seconds.
  path: Assets/CorePro/Flat Pack/Icons/App/Signs/Question mark typeB 1.png
  artifactKey: Guid(163e9660d4767de4ca64b156c2df84c8) Importer(815301076,1909f56bfc062723c751e8b465ee728b)
Start importing Assets/CorePro/Flat Pack/Icons/App/Signs/Question mark typeB 1.png using Guid(163e9660d4767de4ca64b156c2df84c8) Importer(815301076,1909f56bfc062723c751e8b465ee728b) (PreviewImporter) -> (artifact id: '970f7fc6aeb4787ce31d2906a649344c') in 0.0088923 seconds
Number of updated asset objects reloaded before import = 0Number of asset objects unloaded after import = 3

========================================================================
Received Import Request.
  Time since last request: 0.212652 seconds.
  path: Assets/CorePro/Flat Pack/Icons/App/Signs/Question mark typeA 2.png
  artifactKey: Guid(bf519af8bf1bc3e4a8aec068929d247a) Importer(815301076,1909f56bfc062723c751e8b465ee728b)
Start importing Assets/CorePro/Flat Pack/Icons/App/Signs/Question mark typeA 2.png using Guid(bf519af8bf1bc3e4a8aec068929d247a) Importer(815301076,1909f56bfc062723c751e8b465ee728b) (PreviewImporter) -> (artifact id: '0a9c4b302f43a340fd7fa504d8754bee') in 0.0106559 seconds
Number of updated asset objects reloaded before import = 0Number of asset objects unloaded after import = 3

========================================================================
Received Import Request.
  Time since last request: 0.068131 seconds.
  path: Assets/CorePro/Flat Pack/Icons/App/Power button 2.png
  artifactKey: Guid(b9c5d5910fcbab4419872089de39daff) Importer(815301076,1909f56bfc062723c751e8b465ee728b)
Start importing Assets/CorePro/Flat Pack/Icons/App/Power button 2.png using Guid(b9c5d5910fcbab4419872089de39daff) Importer(815301076,1909f56bfc062723c751e8b465ee728b) (PreviewImporter) -> (artifact id: 'd69b0f79bcded6771be4867908e5ede4') in 0.010845 seconds
Number of updated asset objects reloaded before import = 0Number of asset objects unloaded after import = 3

========================================================================
Received Import Request.
  Time since last request: 0.000037 seconds.
  path: Assets/CorePro/Flat Pack/Icons/App/Signs/Question mark typeA 1.png
  artifactKey: Guid(3b42aa493e0535d41a7f8902eb8d4a92) Importer(815301076,1909f56bfc062723c751e8b465ee728b)
Start importing Assets/CorePro/Flat Pack/Icons/App/Signs/Question mark typeA 1.png using Guid(3b42aa493e0535d41a7f8902eb8d4a92) Importer(815301076,1909f56bfc062723c751e8b465ee728b) (PreviewImporter) -> (artifact id: '5dce4063def5165ab1a795ee52b3443b') in 0.0148355 seconds
Number of updated asset objects reloaded before import = 0Number of asset objects unloaded after import = 3

========================================================================
Received Import Request.
  Time since last request: 0.000014 seconds.
  path: Assets/CorePro/Flat Pack/Icons/Money gold treasures/Pouch 1.png
  artifactKey: Guid(d5b474c9853fb2b43a59caa79b09db18) Importer(815301076,1909f56bfc062723c751e8b465ee728b)
Start importing Assets/CorePro/Flat Pack/Icons/Money gold treasures/Pouch 1.png using Guid(d5b474c9853fb2b43a59caa79b09db18) Importer(815301076,1909f56bfc062723c751e8b465ee728b) (PreviewImporter) -> (artifact id: 'de4317a8bbc29f6cf0f1643b0eb3f6c2') in 0.0114545 seconds
Number of updated asset objects reloaded before import = 0Number of asset objects unloaded after import = 3

========================================================================
Received Import Request.
  Time since last request: 0.000017 seconds.
  path: Assets/CorePro/Flat Pack/Icons/RPG/Potion 7.png
  artifactKey: Guid(11ba796c60f9ed94a96474395bb5a08d) Importer(815301076,1909f56bfc062723c751e8b465ee728b)
Start importing Assets/CorePro/Flat Pack/Icons/RPG/Potion 7.png using Guid(11ba796c60f9ed94a96474395bb5a08d) Importer(815301076,1909f56bfc062723c751e8b465ee728b) (PreviewImporter) -> (artifact id: '3c8c6dd827d893319962880c3d57b1a0') in 0.0101055 seconds
Number of updated asset objects reloaded before import = 0Number of asset objects unloaded after import = 3

========================================================================
Received Import Request.
  Time since last request: 0.147168 seconds.
  path: Assets/CorePro/Flat Pack/Icons/RPG/Potion 3.png
  artifactKey: Guid(b6071ca25ce9b4944b88da640690cd3a) Importer(815301076,1909f56bfc062723c751e8b465ee728b)
Start importing Assets/CorePro/Flat Pack/Icons/RPG/Potion 3.png using Guid(b6071ca25ce9b4944b88da640690cd3a) Importer(815301076,1909f56bfc062723c751e8b465ee728b) (PreviewImporter) -> (artifact id: 'fbdff6070b99a9688e14953a9f5f85fc') in 0.0133074 seconds
Number of updated asset objects reloaded before import = 0Number of asset objects unloaded after import = 3

========================================================================
Received Import Request.
  Time since last request: 0.000041 seconds.
  path: Assets/CorePro/Flat Pack/Icons/RPG/Potion 1.png
  artifactKey: Guid(556ed73f2fb93ae4aa896c2dfd53fa4f) Importer(815301076,1909f56bfc062723c751e8b465ee728b)
Start importing Assets/CorePro/Flat Pack/Icons/RPG/Potion 1.png using Guid(556ed73f2fb93ae4aa896c2dfd53fa4f) Importer(815301076,1909f56bfc062723c751e8b465ee728b) (PreviewImporter) -> (artifact id: '144ccd3abb54973487f3f6e1afcaf2e6') in 0.0153011 seconds
Number of updated asset objects reloaded before import = 0Number of asset objects unloaded after import = 3

========================================================================
Received Import Request.
  Time since last request: 0.000036 seconds.
  path: Assets/CorePro/Flat Pack/Icons/RPG/Poison 10.png
  artifactKey: Guid(e806cc72291fe924fab541c4c42fe3fa) Importer(815301076,1909f56bfc062723c751e8b465ee728b)
Start importing Assets/CorePro/Flat Pack/Icons/RPG/Poison 10.png using Guid(e806cc72291fe924fab541c4c42fe3fa) Importer(815301076,1909f56bfc062723c751e8b465ee728b) (PreviewImporter) -> (artifact id: '0dc691830126e1df8f125a02d912c498') in 0.0124675 seconds
Number of updated asset objects reloaded before import = 0Number of asset objects unloaded after import = 3

========================================================================
Received Import Request.
  Time since last request: 0.000027 seconds.
  path: Assets/CorePro/Flat Pack/Icons/RPG/Poison 11.png
  artifactKey: Guid(c27816ce58f04f64c9ad471eed915cde) Importer(815301076,1909f56bfc062723c751e8b465ee728b)
Start importing Assets/CorePro/Flat Pack/Icons/RPG/Poison 11.png using Guid(c27816ce58f04f64c9ad471eed915cde) Importer(815301076,1909f56bfc062723c751e8b465ee728b) (PreviewImporter) -> (artifact id: 'f1d910d585c1192e5b69dc5999aff477') in 0.0106032 seconds
Number of updated asset objects reloaded before import = 0Number of asset objects unloaded after import = 3

========================================================================
Received Import Request.
  Time since last request: 0.263093 seconds.
  path: Assets/CorePro/Flat Pack/Icons/RPG/Poison 6.png
  artifactKey: Guid(02589496ced01624fa51a63adadde6d1) Importer(815301076,1909f56bfc062723c751e8b465ee728b)
Start importing Assets/CorePro/Flat Pack/Icons/RPG/Poison 6.png using Guid(02589496ced01624fa51a63adadde6d1) Importer(815301076,1909f56bfc062723c751e8b465ee728b) (PreviewImporter) -> (artifact id: '29b0eebce01559d6989a97ad28d9bc7e') in 0.0091458 seconds
Number of updated asset objects reloaded before import = 0Number of asset objects unloaded after import = 3

========================================================================
Received Import Request.
  Time since last request: 0.008930 seconds.
  path: Assets/CorePro/Flat Pack/Icons/RPG/Poison 4.png
  artifactKey: Guid(90475abab2d28a74ea4e5d1a57d872e0) Importer(815301076,1909f56bfc062723c751e8b465ee728b)
Start importing Assets/CorePro/Flat Pack/Icons/RPG/Poison 4.png using Guid(90475abab2d28a74ea4e5d1a57d872e0) Importer(815301076,1909f56bfc062723c751e8b465ee728b) (PreviewImporter) -> (artifact id: 'e30fe6550e0f128b22b5c290659c7a92') in 0.0119623 seconds
Number of updated asset objects reloaded before import = 0Number of asset objects unloaded after import = 3

========================================================================
Received Import Request.
  Time since last request: 0.000028 seconds.
  path: Assets/CorePro/Flat Pack/Icons/RPG/Poison 2.png
  artifactKey: Guid(7de8be10daae29245bc6e68dc72b500c) Importer(815301076,1909f56bfc062723c751e8b465ee728b)
Start importing Assets/CorePro/Flat Pack/Icons/RPG/Poison 2.png using Guid(7de8be10daae29245bc6e68dc72b500c) Importer(815301076,1909f56bfc062723c751e8b465ee728b) (PreviewImporter) -> (artifact id: 'cbf56b3b39878aed1e999552b496964c') in 0.0136228 seconds
Number of updated asset objects reloaded before import = 0Number of asset objects unloaded after import = 3

========================================================================
Received Import Request.
  Time since last request: 0.000027 seconds.
  path: Assets/CorePro/Flat Pack/Icons/RPG/Poison 1.png
  artifactKey: Guid(c4d3e01919c5c404e9d3bed5c50988a2) Importer(815301076,1909f56bfc062723c751e8b465ee728b)
Start importing Assets/CorePro/Flat Pack/Icons/RPG/Poison 1.png using Guid(c4d3e01919c5c404e9d3bed5c50988a2) Importer(815301076,1909f56bfc062723c751e8b465ee728b) (PreviewImporter) -> (artifact id: '96a31577bedbddf87c5c469a484fc678') in 0.0090458 seconds
Number of updated asset objects reloaded before import = 0Number of asset objects unloaded after import = 3

========================================================================
Received Import Request.
  Time since last request: 0.412575 seconds.
  path: Assets/CorePro/Flat Pack/Icons/App/Signs/Plus typeB 1.png
  artifactKey: Guid(f668cd430ca69bf429e14a094515814b) Importer(815301076,1909f56bfc062723c751e8b465ee728b)
Start importing Assets/CorePro/Flat Pack/Icons/App/Signs/Plus typeB 1.png using Guid(f668cd430ca69bf429e14a094515814b) Importer(815301076,1909f56bfc062723c751e8b465ee728b) (PreviewImporter) -> (artifact id: '76ae507966d6f3d3f462b61f36c065a9') in 0.0081144 seconds
Number of updated asset objects reloaded before import = 0Number of asset objects unloaded after import = 3

========================================================================
Received Import Request.
  Time since last request: 0.000015 seconds.
  path: Assets/CorePro/Flat Pack/Icons/App/Signs/Plus typeA 2.png
  artifactKey: Guid(f394716b53740ad4bac34b2ddd2712c2) Importer(815301076,1909f56bfc062723c751e8b465ee728b)
Start importing Assets/CorePro/Flat Pack/Icons/App/Signs/Plus typeA 2.png using Guid(f394716b53740ad4bac34b2ddd2712c2) Importer(815301076,1909f56bfc062723c751e8b465ee728b) (PreviewImporter) -> (artifact id: '977eda8dc416f4ed71fb835714edae92') in 0.0089204 seconds
Number of updated asset objects reloaded before import = 0Number of asset objects unloaded after import = 3

========================================================================
Received Import Request.
  Time since last request: 0.026588 seconds.
  path: Assets/CorePro/Flat Pack/Icons/Shooter/Pistols/Pistol 15.png
  artifactKey: Guid(138817dd54bdd594ca9f16fb2d4b0922) Importer(815301076,1909f56bfc062723c751e8b465ee728b)
Start importing Assets/CorePro/Flat Pack/Icons/Shooter/Pistols/Pistol 15.png using Guid(138817dd54bdd594ca9f16fb2d4b0922) Importer(815301076,1909f56bfc062723c751e8b465ee728b) (PreviewImporter) -> (artifact id: '278c2ab02d4bd9cea964518193d1af25') in 0.0093386 seconds
Number of updated asset objects reloaded before import = 0Number of asset objects unloaded after import = 3

========================================================================
Received Import Request.
  Time since last request: 0.000016 seconds.
  path: Assets/CorePro/Flat Pack/Icons/App/Signs/Plus typeA 1.png
  artifactKey: Guid(96241d66c9444c943b743bcea12e8161) Importer(815301076,1909f56bfc062723c751e8b465ee728b)
Start importing Assets/CorePro/Flat Pack/Icons/App/Signs/Plus typeA 1.png using Guid(96241d66c9444c943b743bcea12e8161) Importer(815301076,1909f56bfc062723c751e8b465ee728b) (PreviewImporter) -> (artifact id: '1becf42c32644269ec54b5bf194e24d2') in 0.0085311 seconds
Number of updated asset objects reloaded before import = 0Number of asset objects unloaded after import = 3

========================================================================
Received Import Request.
  Time since last request: 0.223380 seconds.
  path: Assets/CorePro/Flat Pack/Icons/Shooter/Pistols/Pistol 13.png
  artifactKey: Guid(2fd8c1bc8eeaaa74cb415f48466f6058) Importer(815301076,1909f56bfc062723c751e8b465ee728b)
Start importing Assets/CorePro/Flat Pack/Icons/Shooter/Pistols/Pistol 13.png using Guid(2fd8c1bc8eeaaa74cb415f48466f6058) Importer(815301076,1909f56bfc062723c751e8b465ee728b) (PreviewImporter) -> (artifact id: '241b74ade47be79e18bb4c9070755750') in 0.0094103 seconds
Number of updated asset objects reloaded before import = 0Number of asset objects unloaded after import = 3

========================================================================
Received Prepare
'Packages/com.unity.cinemachine/Editor/Obsolete/CinemachineVirtualCameraBaseEditor.cs' contains partial class of Unity.Object, exactly 1 of the partial classes needs to be in a file with the same filename. This is to know the one that can be referenced from ie. GameObjects
'Packages/com.unity.cinemachine/Editor/Editors/CinemachineVirtualCameraBaseEditor.cs' contains partial class of Unity.Object, exactly 1 of the partial classes needs to be in a file with the same filename. This is to know the one that can be referenced from ie. GameObjects
Refreshing native plugins compatible for Editor in 0.60 ms, found 3 plugins.
Preloading 0 native plugins for Editor in 0.00 ms.
Unloading 13 Unused Serialized files (Serialized files now loaded: 0)
Unloading 6356 unused Assets / (3.1 MB). Loaded Objects now: 7100.
Memory consumption went from 146.1 MB to 142.9 MB.
Total: 8.492500 ms (FindLiveObjects: 0.546700 ms CreateObjectMapping: 0.470400 ms MarkObjects: 5.561100 ms  DeleteObjects: 1.912800 ms)

Prepare: number of updated asset objects reloaded= 0
========================================================================
Received Import Request.
  Time since last request: 128.241230 seconds.
  path: Assets/MainMenu.cs
  artifactKey: Guid(51bffcf9f9f8f24439929c23a54a8060) Importer(815301076,1909f56bfc062723c751e8b465ee728b)
Start importing Assets/MainMenu.cs using Guid(51bffcf9f9f8f24439929c23a54a8060) Importer(815301076,1909f56bfc062723c751e8b465ee728b) (PreviewImporter) -> (artifact id: '5a4ecd42ca4f601216bf9c0140ea6e82') in 0.0006058 seconds
Number of updated asset objects reloaded before import = 0Number of asset objects unloaded after import = 0

========================================================================
Received Prepare
Assembly reference Packages/com.unity.cinemachine/Editor/Samples/ExposeHDRPInternals/HDRP-Editor-ref.asmref has no target assembly definition
Assembly reference Packages/com.unity.cinemachine/Editor/Samples/ExposeHDRPInternals/HDRP-Editor-ref.asmref has no target assembly definition
Begin MonoManager ReloadAssembly
- Loaded All Assemblies, in  0.903 seconds
Assembly reference Packages/com.unity.cinemachine/Editor/Samples/ExposeHDRPInternals/HDRP-Editor-ref.asmref has no target assembly definition
'Packages/com.unity.cinemachine/Editor/Obsolete/CinemachineVirtualCameraBaseEditor.cs' contains partial class of Unity.Object, exactly 1 of the partial classes needs to be in a file with the same filename. This is to know the one that can be referenced from ie. GameObjects
'Packages/com.unity.cinemachine/Editor/Editors/CinemachineVirtualCameraBaseEditor.cs' contains partial class of Unity.Object, exactly 1 of the partial classes needs to be in a file with the same filename. This is to know the one that can be referenced from ie. GameObjects
Refreshing native plugins compatible for Editor in 1.48 ms, found 3 plugins.
Native extension for Android target not found
Native extension for WindowsStandalone target not found
Native extension for WebGL target not found
Assembly reference Packages/com.unity.cinemachine/Editor/Samples/ExposeHDRPInternals/HDRP-Editor-ref.asmref has no target assembly definition
[Package Manager] Failed to launch server process. Reason: Unity was launched with the -noUpm command-line argument
[Package Manager] Unable to send message (not connected to server process).
[Package Manager] Cannot connect to Unity Package Manager local server
Mono: successfully reloaded assembly
- Finished resetting the current domain, in  1.123 seconds
Domain Reload Profiling: 2020ms
	BeginReloadAssembly (247ms)
		ExecutionOrderSort (0ms)
		DisableScriptedObjects (7ms)
		BackupInstance (0ms)
		ReleaseScriptingObjects (0ms)
		CreateAndSetChildDomain (59ms)
	RebuildCommonClasses (47ms)
	RebuildNativeTypeToScriptingClass (17ms)
	initialDomainReloadingComplete (35ms)
	LoadAllAssembliesAndSetupDomain (550ms)
		LoadAssemblies (439ms)
		RebuildTransferFunctionScriptingTraits (0ms)
		AnalyzeDomain (237ms)
			TypeCache.Refresh (12ms)
				TypeCache.ScanAssembly (1ms)
			BuildScriptInfoCaches (201ms)
			ResolveRequiredComponents (18ms)
	FinalizeReload (1124ms)
		ReleaseScriptCaches (0ms)
		RebuildScriptCaches (0ms)
		SetupLoadedEditorAssemblies (809ms)
			LogAssemblyErrors (0ms)
			InitializePlatformSupportModulesInManaged (19ms)
			SetLoadedEditorAssemblies (6ms)
			BeforeProcessingInitializeOnLoad (168ms)
			ProcessInitializeOnLoadAttributes (525ms)
			ProcessInitializeOnLoadMethodAttributes (80ms)
			AfterProcessingInitializeOnLoad (9ms)
			EditorAssembliesLoaded (0ms)
		ExecutionOrderSort2 (0ms)
		AwakeInstancesAfterBackupRestoration (22ms)
Refreshing native plugins compatible for Editor in 1.29 ms, found 3 plugins.
Preloading 0 native plugins for Editor in 0.00 ms.
Unloading 22 Unused Serialized files (Serialized files now loaded: 0)
Unloading 6363 unused Assets / (4.8 MB). Loaded Objects now: 7113.
Memory consumption went from 153.7 MB to 148.8 MB.
Total: 11.891700 ms (FindLiveObjects: 1.289400 ms CreateObjectMapping: 0.799100 ms MarkObjects: 6.775900 ms  DeleteObjects: 3.026200 ms)

Prepare: number of updated asset objects reloaded= 0
========================================================================
Received Import Request.
  Time since last request: 11.999746 seconds.
  path: Assets/MainMenu.cs
  artifactKey: Guid(51bffcf9f9f8f24439929c23a54a8060) Importer(815301076,1909f56bfc062723c751e8b465ee728b)
Start importing Assets/MainMenu.cs using Guid(51bffcf9f9f8f24439929c23a54a8060) Importer(815301076,1909f56bfc062723c751e8b465ee728b) (PreviewImporter) -> (artifact id: 'dab6593fce7dcd5132a2403d18686a5c') in 0.0020189 seconds
Number of updated asset objects reloaded before import = 0Number of asset objects unloaded after import = 0

========================================================================
Received Import Request.
  Time since last request: 145.207240 seconds.
  path: Assets/Scenes/SampleScene.unity
  artifactKey: Guid(99c9720ab356a0642a771bea13969a05) Importer(815301076,1909f56bfc062723c751e8b465ee728b)
Start importing Assets/Scenes/SampleScene.unity using Guid(99c9720ab356a0642a771bea13969a05) Importer(815301076,1909f56bfc062723c751e8b465ee728b) (PreviewImporter) -> (artifact id: 'bc2daa321953ef293e49402f91298217') in 0.0008145 seconds
Number of updated asset objects reloaded before import = 0Number of asset objects unloaded after import = 0

========================================================================
Received Import Request.
  Time since last request: 46.808497 seconds.
  path: Assets/Lato-BlackItalic SDF.asset
  artifactKey: Guid(e76c62a5a514fb24686e94ae51d66b6b) Importer(815301076,1909f56bfc062723c751e8b465ee728b)
Start importing Assets/Lato-BlackItalic SDF.asset using Guid(e76c62a5a514fb24686e94ae51d66b6b) Importer(815301076,1909f56bfc062723c751e8b465ee728b) (PreviewImporter) -> (artifact id: 'cbfb1646e7271de1717d27db069cec1a') in 0.4575842 seconds
Number of updated asset objects reloaded before import = 0Number of asset objects unloaded after import = 6

========================================================================
Received Import Request.
  Time since last request: 6.193320 seconds.
  path: Assets/Scenes/MainMenuScene.unity
  artifactKey: Guid(c1f1db9120542bf4a8063da9258b9939) Importer(815301076,1909f56bfc062723c751e8b465ee728b)
Start importing Assets/Scenes/MainMenuScene.unity using Guid(c1f1db9120542bf4a8063da9258b9939) Importer(815301076,1909f56bfc062723c751e8b465ee728b) (PreviewImporter) -> (artifact id: '62357f327397546d8c4c6bf9c33bfaf1') in 0.0005287 seconds
Number of updated asset objects reloaded before import = 0Number of asset objects unloaded after import = 0

========================================================================
Received Prepare
Assembly reference Packages/com.unity.cinemachine/Editor/Samples/ExposeHDRPInternals/HDRP-Editor-ref.asmref has no target assembly definition
Assembly reference Packages/com.unity.cinemachine/Editor/Samples/ExposeHDRPInternals/HDRP-Editor-ref.asmref has no target assembly definition
Begin MonoManager ReloadAssembly
- Loaded All Assemblies, in  0.630 seconds
Assembly reference Packages/com.unity.cinemachine/Editor/Samples/ExposeHDRPInternals/HDRP-Editor-ref.asmref has no target assembly definition
'Packages/com.unity.cinemachine/Editor/Obsolete/CinemachineVirtualCameraBaseEditor.cs' contains partial class of Unity.Object, exactly 1 of the partial classes needs to be in a file with the same filename. This is to know the one that can be referenced from ie. GameObjects
'Packages/com.unity.cinemachine/Editor/Editors/CinemachineVirtualCameraBaseEditor.cs' contains partial class of Unity.Object, exactly 1 of the partial classes needs to be in a file with the same filename. This is to know the one that can be referenced from ie. GameObjects
Refreshing native plugins compatible for Editor in 0.63 ms, found 3 plugins.
Native extension for Android target not found
Native extension for WindowsStandalone target not found
Native extension for WebGL target not found
Assembly reference Packages/com.unity.cinemachine/Editor/Samples/ExposeHDRPInternals/HDRP-Editor-ref.asmref has no target assembly definition
[Package Manager] Failed to launch server process. Reason: Unity was launched with the -noUpm command-line argument
[Package Manager] Unable to send message (not connected to server process).
[Package Manager] Cannot connect to Unity Package Manager local server
Mono: successfully reloaded assembly
- Finished resetting the current domain, in  0.604 seconds
Domain Reload Profiling: 1233ms
	BeginReloadAssembly (202ms)
		ExecutionOrderSort (0ms)
		DisableScriptedObjects (21ms)
		BackupInstance (0ms)
		ReleaseScriptingObjects (0ms)
		CreateAndSetChildDomain (61ms)
	RebuildCommonClasses (32ms)
	RebuildNativeTypeToScriptingClass (10ms)
	initialDomainReloadingComplete (28ms)
	LoadAllAssembliesAndSetupDomain (356ms)
		LoadAssemblies (277ms)
		RebuildTransferFunctionScriptingTraits (0ms)
		AnalyzeDomain (159ms)
			TypeCache.Refresh (8ms)
				TypeCache.ScanAssembly (0ms)
			BuildScriptInfoCaches (136ms)
			ResolveRequiredComponents (10ms)
	FinalizeReload (604ms)
		ReleaseScriptCaches (0ms)
		RebuildScriptCaches (0ms)
		SetupLoadedEditorAssemblies (442ms)
			LogAssemblyErrors (0ms)
			InitializePlatformSupportModulesInManaged (10ms)
			SetLoadedEditorAssemblies (4ms)
			BeforeProcessingInitializeOnLoad (106ms)
			ProcessInitializeOnLoadAttributes (273ms)
			ProcessInitializeOnLoadMethodAttributes (44ms)
			AfterProcessingInitializeOnLoad (5ms)
			EditorAssembliesLoaded (0ms)
		ExecutionOrderSort2 (0ms)
		AwakeInstancesAfterBackupRestoration (12ms)
Refreshing native plugins compatible for Editor in 0.61 ms, found 3 plugins.
Preloading 0 native plugins for Editor in 0.00 ms.
Unloading 13 Unused Serialized files (Serialized files now loaded: 0)
Unloading 6363 unused Assets / (4.4 MB). Loaded Objects now: 7177.
Memory consumption went from 159.6 MB to 155.2 MB.
Total: 6.562300 ms (FindLiveObjects: 0.635000 ms CreateObjectMapping: 0.502100 ms MarkObjects: 3.668500 ms  DeleteObjects: 1.755600 ms)

Prepare: number of updated asset objects reloaded= 0
========================================================================
Received Prepare
Assembly reference Packages/com.unity.cinemachine/Editor/Samples/ExposeHDRPInternals/HDRP-Editor-ref.asmref has no target assembly definition
Assembly reference Packages/com.unity.cinemachine/Editor/Samples/ExposeHDRPInternals/HDRP-Editor-ref.asmref has no target assembly definition
Begin MonoManager ReloadAssembly
- Loaded All Assemblies, in  0.607 seconds
Assembly reference Packages/com.unity.cinemachine/Editor/Samples/ExposeHDRPInternals/HDRP-Editor-ref.asmref has no target assembly definition
'Packages/com.unity.cinemachine/Editor/Obsolete/CinemachineVirtualCameraBaseEditor.cs' contains partial class of Unity.Object, exactly 1 of the partial classes needs to be in a file with the same filename. This is to know the one that can be referenced from ie. GameObjects
'Packages/com.unity.cinemachine/Editor/Editors/CinemachineVirtualCameraBaseEditor.cs' contains partial class of Unity.Object, exactly 1 of the partial classes needs to be in a file with the same filename. This is to know the one that can be referenced from ie. GameObjects
Refreshing native plugins compatible for Editor in 0.61 ms, found 3 plugins.
Native extension for Android target not found
Native extension for WindowsStandalone target not found
Native extension for WebGL target not found
Assembly reference Packages/com.unity.cinemachine/Editor/Samples/ExposeHDRPInternals/HDRP-Editor-ref.asmref has no target assembly definition
[Package Manager] Failed to launch server process. Reason: Unity was launched with the -noUpm command-line argument
[Package Manager] Unable to send message (not connected to server process).
[Package Manager] Cannot connect to Unity Package Manager local server
Mono: successfully reloaded assembly
- Finished resetting the current domain, in  0.603 seconds
Domain Reload Profiling: 1209ms
	BeginReloadAssembly (181ms)
		ExecutionOrderSort (0ms)
		DisableScriptedObjects (4ms)
		BackupInstance (0ms)
		ReleaseScriptingObjects (0ms)
		CreateAndSetChildDomain (47ms)
	RebuildCommonClasses (33ms)
	RebuildNativeTypeToScriptingClass (11ms)
	initialDomainReloadingComplete (22ms)
	LoadAllAssembliesAndSetupDomain (359ms)
		LoadAssemblies (287ms)
		RebuildTransferFunctionScriptingTraits (0ms)
		AnalyzeDomain (157ms)
			TypeCache.Refresh (9ms)
				TypeCache.ScanAssembly (0ms)
			BuildScriptInfoCaches (135ms)
			ResolveRequiredComponents (10ms)
	FinalizeReload (603ms)
		ReleaseScriptCaches (0ms)
		RebuildScriptCaches (0ms)
		SetupLoadedEditorAssemblies (446ms)
			LogAssemblyErrors (0ms)
			InitializePlatformSupportModulesInManaged (11ms)
			SetLoadedEditorAssemblies (4ms)
			BeforeProcessingInitializeOnLoad (105ms)
			ProcessInitializeOnLoadAttributes (278ms)
			ProcessInitializeOnLoadMethodAttributes (44ms)
			AfterProcessingInitializeOnLoad (4ms)
			EditorAssembliesLoaded (0ms)
		ExecutionOrderSort2 (0ms)
		AwakeInstancesAfterBackupRestoration (13ms)
Refreshing native plugins compatible for Editor in 0.59 ms, found 3 plugins.
Preloading 0 native plugins for Editor in 0.00 ms.
Unloading 13 Unused Serialized files (Serialized files now loaded: 0)
Unloading 6363 unused Assets / (4.3 MB). Loaded Objects now: 7179.
Memory consumption went from 161.9 MB to 157.5 MB.
Total: 6.489700 ms (FindLiveObjects: 0.524300 ms CreateObjectMapping: 0.458600 ms MarkObjects: 3.745000 ms  DeleteObjects: 1.761000 ms)

Prepare: number of updated asset objects reloaded= 0
========================================================================
Received Import Request.
  Time since last request: 360.720832 seconds.
  path: Assets/CorePro/Flat Pack/Icons/App/Mail Type1 Opened.png
  artifactKey: Guid(df1103060d314514abbf29876bc7a5eb) Importer(815301076,1909f56bfc062723c751e8b465ee728b)
Start importing Assets/CorePro/Flat Pack/Icons/App/Mail Type1 Opened.png using Guid(df1103060d314514abbf29876bc7a5eb) Importer(815301076,1909f56bfc062723c751e8b465ee728b) (PreviewImporter) -> (artifact id: '23fe5069d8a8da043fb59ad90e20ec3b') in 0.1088616 seconds
Number of updated asset objects reloaded before import = 0Number of asset objects unloaded after import = 3

========================================================================
Received Import Request.
  Time since last request: 0.000020 seconds.
  path: Assets/CorePro/Flat Pack/Icons/App/Mail Type2 Opened.png
  artifactKey: Guid(1857a340256948449b84a74226580bc3) Importer(815301076,1909f56bfc062723c751e8b465ee728b)
Start importing Assets/CorePro/Flat Pack/Icons/App/Mail Type2 Opened.png using Guid(1857a340256948449b84a74226580bc3) Importer(815301076,1909f56bfc062723c751e8b465ee728b) (PreviewImporter) -> (artifact id: '71e87f190e1a62b99f63e02069e2c8eb') in 0.0124116 seconds
Number of updated asset objects reloaded before import = 0Number of asset objects unloaded after import = 3

========================================================================
Received Import Request.
  Time since last request: 1.274723 seconds.
  path: Assets/CorePro/Flat Pack/Icons/App/Mail Type1 Close.png
  artifactKey: Guid(bbcd2a237abb93e46893a042ca933fbf) Importer(815301076,1909f56bfc062723c751e8b465ee728b)
Start importing Assets/CorePro/Flat Pack/Icons/App/Mail Type1 Close.png using Guid(bbcd2a237abb93e46893a042ca933fbf) Importer(815301076,1909f56bfc062723c751e8b465ee728b) (PreviewImporter) -> (artifact id: 'ba51eb80abb504d92f00ccb5c4dd6a5c') in 0.0118213 seconds
Number of updated asset objects reloaded before import = 0Number of asset objects unloaded after import = 3

========================================================================
Received Import Request.
  Time since last request: 0.081207 seconds.
  path: Assets/CorePro/Flat Pack/Icons/App/Mail type 2 closed.png
  artifactKey: Guid(86bac22ea89389c4ab6726395c0cc37d) Importer(815301076,1909f56bfc062723c751e8b465ee728b)
Start importing Assets/CorePro/Flat Pack/Icons/App/Mail type 2 closed.png using Guid(86bac22ea89389c4ab6726395c0cc37d) Importer(815301076,1909f56bfc062723c751e8b465ee728b) (PreviewImporter) -> (artifact id: '4e019bdcc4311cdbd4ba7c4f26ceebb8') in 0.0123965 seconds
Number of updated asset objects reloaded before import = 0Number of asset objects unloaded after import = 3

========================================================================
Received Import Request.
  Time since last request: 2.725783 seconds.
  path: Assets/MainMenu.cs
  artifactKey: Guid(51bffcf9f9f8f24439929c23a54a8060) Importer(815301076,1909f56bfc062723c751e8b465ee728b)
Start importing Assets/MainMenu.cs using Guid(51bffcf9f9f8f24439929c23a54a8060) Importer(815301076,1909f56bfc062723c751e8b465ee728b) (PreviewImporter) -> (artifact id: 'f76d70e038e1f96b58c1f96ddabb0258') in 0.0005359 seconds
Number of updated asset objects reloaded before import = 0Number of asset objects unloaded after import = 0

========================================================================
Received Prepare
'Packages/com.unity.cinemachine/Editor/Obsolete/CinemachineVirtualCameraBaseEditor.cs' contains partial class of Unity.Object, exactly 1 of the partial classes needs to be in a file with the same filename. This is to know the one that can be referenced from ie. GameObjects
'Packages/com.unity.cinemachine/Editor/Editors/CinemachineVirtualCameraBaseEditor.cs' contains partial class of Unity.Object, exactly 1 of the partial classes needs to be in a file with the same filename. This is to know the one that can be referenced from ie. GameObjects
Refreshing native plugins compatible for Editor in 0.65 ms, found 3 plugins.
Preloading 0 native plugins for Editor in 0.00 ms.
Unloading 13 Unused Serialized files (Serialized files now loaded: 0)
Unloading 6355 unused Assets / (4.3 MB). Loaded Objects now: 7187.
Memory consumption went from 159.9 MB to 155.6 MB.
Total: 7.714800 ms (FindLiveObjects: 0.525100 ms CreateObjectMapping: 0.466000 ms MarkObjects: 4.739100 ms  DeleteObjects: 1.983900 ms)

Prepare: number of updated asset objects reloaded= 0
========================================================================
Received Prepare
Assembly reference Packages/com.unity.cinemachine/Editor/Samples/ExposeHDRPInternals/HDRP-Editor-ref.asmref has no target assembly definition
Assembly reference Packages/com.unity.cinemachine/Editor/Samples/ExposeHDRPInternals/HDRP-Editor-ref.asmref has no target assembly definition
Begin MonoManager ReloadAssembly
- Loaded All Assemblies, in  0.755 seconds
Assembly reference Packages/com.unity.cinemachine/Editor/Samples/ExposeHDRPInternals/HDRP-Editor-ref.asmref has no target assembly definition
'Packages/com.unity.cinemachine/Editor/Obsolete/CinemachineVirtualCameraBaseEditor.cs' contains partial class of Unity.Object, exactly 1 of the partial classes needs to be in a file with the same filename. This is to know the one that can be referenced from ie. GameObjects
'Packages/com.unity.cinemachine/Editor/Editors/CinemachineVirtualCameraBaseEditor.cs' contains partial class of Unity.Object, exactly 1 of the partial classes needs to be in a file with the same filename. This is to know the one that can be referenced from ie. GameObjects
Refreshing native plugins compatible for Editor in 0.58 ms, found 3 plugins.
Native extension for Android target not found
Native extension for WindowsStandalone target not found
Native extension for WebGL target not found
Assembly reference Packages/com.unity.cinemachine/Editor/Samples/ExposeHDRPInternals/HDRP-Editor-ref.asmref has no target assembly definition
[Package Manager] Failed to launch server process. Reason: Unity was launched with the -noUpm command-line argument
[Package Manager] Unable to send message (not connected to server process).
[Package Manager] Cannot connect to Unity Package Manager local server
Mono: successfully reloaded assembly
- Finished resetting the current domain, in  0.644 seconds
Domain Reload Profiling: 1400ms
	BeginReloadAssembly (190ms)
		ExecutionOrderSort (0ms)
		DisableScriptedObjects (6ms)
		BackupInstance (0ms)
		ReleaseScriptingObjects (0ms)
		CreateAndSetChildDomain (48ms)
	RebuildCommonClasses (45ms)
	RebuildNativeTypeToScriptingClass (16ms)
	initialDomainReloadingComplete (28ms)
	LoadAllAssembliesAndSetupDomain (476ms)
		LoadAssemblies (354ms)
		RebuildTransferFunctionScriptingTraits (0ms)
		AnalyzeDomain (216ms)
			TypeCache.Refresh (11ms)
				TypeCache.ScanAssembly (0ms)
			BuildScriptInfoCaches (180ms)
			ResolveRequiredComponents (18ms)
	FinalizeReload (644ms)
		ReleaseScriptCaches (0ms)
		RebuildScriptCaches (0ms)
		SetupLoadedEditorAssemblies (483ms)
			LogAssemblyErrors (0ms)
			InitializePlatformSupportModulesInManaged (11ms)
			SetLoadedEditorAssemblies (5ms)
			BeforeProcessingInitializeOnLoad (120ms)
			ProcessInitializeOnLoadAttributes (292ms)
			ProcessInitializeOnLoadMethodAttributes (50ms)
			AfterProcessingInitializeOnLoad (6ms)
			EditorAssembliesLoaded (0ms)
		ExecutionOrderSort2 (0ms)
		AwakeInstancesAfterBackupRestoration (13ms)
Refreshing native plugins compatible for Editor in 0.94 ms, found 3 plugins.
Preloading 0 native plugins for Editor in 0.00 ms.
Unloading 13 Unused Serialized files (Serialized files now loaded: 0)
Unloading 6362 unused Assets / (4.6 MB). Loaded Objects now: 7188.
Memory consumption went from 161.9 MB to 157.3 MB.
Total: 6.758100 ms (FindLiveObjects: 0.482700 ms CreateObjectMapping: 0.438200 ms MarkObjects: 3.868400 ms  DeleteObjects: 1.967800 ms)

Prepare: number of updated asset objects reloaded= 0
========================================================================
Received Prepare
'Packages/com.unity.cinemachine/Editor/Obsolete/CinemachineVirtualCameraBaseEditor.cs' contains partial class of Unity.Object, exactly 1 of the partial classes needs to be in a file with the same filename. This is to know the one that can be referenced from ie. GameObjects
'Packages/com.unity.cinemachine/Editor/Editors/CinemachineVirtualCameraBaseEditor.cs' contains partial class of Unity.Object, exactly 1 of the partial classes needs to be in a file with the same filename. This is to know the one that can be referenced from ie. GameObjects
Refreshing native plugins compatible for Editor in 0.61 ms, found 3 plugins.
Preloading 0 native plugins for Editor in 0.00 ms.
Unloading 13 Unused Serialized files (Serialized files now loaded: 0)
Unloading 6356 unused Assets / (3.9 MB). Loaded Objects now: 7189.
Memory consumption went from 164.5 MB to 160.5 MB.
Total: 7.949300 ms (FindLiveObjects: 0.686100 ms CreateObjectMapping: 0.501900 ms MarkObjects: 4.593400 ms  DeleteObjects: 2.166400 ms)

Prepare: number of updated asset objects reloaded= 0
========================================================================
Received Import Request.
  Time since last request: 26.719086 seconds.
  path: Assets/Scripts/MainMenu.cs
  artifactKey: Guid(0d4e8f98fd290db4e9f5657b1963d7b7) Importer(815301076,1909f56bfc062723c751e8b465ee728b)
Start importing Assets/Scripts/MainMenu.cs using Guid(0d4e8f98fd290db4e9f5657b1963d7b7) Importer(815301076,1909f56bfc062723c751e8b465ee728b) (PreviewImporter) -> (artifact id: 'b036dd75416cc4f959011a61556f1345') in 0.0027528 seconds
Number of updated asset objects reloaded before import = 0Number of asset objects unloaded after import = 0

========================================================================
Received Prepare
Assembly reference Packages/com.unity.cinemachine/Editor/Samples/ExposeHDRPInternals/HDRP-Editor-ref.asmref has no target assembly definition
Assembly reference Packages/com.unity.cinemachine/Editor/Samples/ExposeHDRPInternals/HDRP-Editor-ref.asmref has no target assembly definition
Begin MonoManager ReloadAssembly
- Loaded All Assemblies, in  0.629 seconds
Assembly reference Packages/com.unity.cinemachine/Editor/Samples/ExposeHDRPInternals/HDRP-Editor-ref.asmref has no target assembly definition
'Packages/com.unity.cinemachine/Editor/Obsolete/CinemachineVirtualCameraBaseEditor.cs' contains partial class of Unity.Object, exactly 1 of the partial classes needs to be in a file with the same filename. This is to know the one that can be referenced from ie. GameObjects
'Packages/com.unity.cinemachine/Editor/Editors/CinemachineVirtualCameraBaseEditor.cs' contains partial class of Unity.Object, exactly 1 of the partial classes needs to be in a file with the same filename. This is to know the one that can be referenced from ie. GameObjects
Refreshing native plugins compatible for Editor in 0.63 ms, found 3 plugins.
Native extension for Android target not found
Native extension for WindowsStandalone target not found
Native extension for WebGL target not found
Assembly reference Packages/com.unity.cinemachine/Editor/Samples/ExposeHDRPInternals/HDRP-Editor-ref.asmref has no target assembly definition
[Package Manager] Failed to launch server process. Reason: Unity was launched with the -noUpm command-line argument
[Package Manager] Unable to send message (not connected to server process).
[Package Manager] Cannot connect to Unity Package Manager local server
Mono: successfully reloaded assembly
- Finished resetting the current domain, in  0.797 seconds
Domain Reload Profiling: 1425ms
	BeginReloadAssembly (173ms)
		ExecutionOrderSort (0ms)
		DisableScriptedObjects (4ms)
		BackupInstance (0ms)
		ReleaseScriptingObjects (0ms)
		CreateAndSetChildDomain (45ms)
	RebuildCommonClasses (31ms)
	RebuildNativeTypeToScriptingClass (12ms)
	initialDomainReloadingComplete (24ms)
	LoadAllAssembliesAndSetupDomain (389ms)
		LoadAssemblies (301ms)
		RebuildTransferFunctionScriptingTraits (0ms)
		AnalyzeDomain (168ms)
			TypeCache.Refresh (10ms)
				TypeCache.ScanAssembly (0ms)
			BuildScriptInfoCaches (142ms)
			ResolveRequiredComponents (11ms)
	FinalizeReload (797ms)
		ReleaseScriptCaches (0ms)
		RebuildScriptCaches (0ms)
		SetupLoadedEditorAssemblies (617ms)
			LogAssemblyErrors (0ms)
			InitializePlatformSupportModulesInManaged (12ms)
			SetLoadedEditorAssemblies (4ms)
			BeforeProcessingInitializeOnLoad (131ms)
			ProcessInitializeOnLoadAttributes (358ms)
			ProcessInitializeOnLoadMethodAttributes (107ms)
			AfterProcessingInitializeOnLoad (5ms)
			EditorAssembliesLoaded (0ms)
		ExecutionOrderSort2 (0ms)
		AwakeInstancesAfterBackupRestoration (20ms)
Refreshing native plugins compatible for Editor in 0.74 ms, found 3 plugins.
Preloading 0 native plugins for Editor in 0.00 ms.
Unloading 13 Unused Serialized files (Serialized files now loaded: 0)
Unloading 6363 unused Assets / (4.4 MB). Loaded Objects now: 7191.
Memory consumption went from 159.5 MB to 155.1 MB.
Total: 7.780000 ms (FindLiveObjects: 0.936400 ms CreateObjectMapping: 0.771800 ms MarkObjects: 3.989600 ms  DeleteObjects: 2.081000 ms)

Prepare: number of updated asset objects reloaded= 0
========================================================================
Received Prepare
Assembly reference Packages/com.unity.cinemachine/Editor/Samples/ExposeHDRPInternals/HDRP-Editor-ref.asmref has no target assembly definition
Assembly reference Packages/com.unity.cinemachine/Editor/Samples/ExposeHDRPInternals/HDRP-Editor-ref.asmref has no target assembly definition
Begin MonoManager ReloadAssembly
- Loaded All Assemblies, in  0.961 seconds
Assembly reference Packages/com.unity.cinemachine/Editor/Samples/ExposeHDRPInternals/HDRP-Editor-ref.asmref has no target assembly definition
'Packages/com.unity.cinemachine/Editor/Obsolete/CinemachineVirtualCameraBaseEditor.cs' contains partial class of Unity.Object, exactly 1 of the partial classes needs to be in a file with the same filename. This is to know the one that can be referenced from ie. GameObjects
'Packages/com.unity.cinemachine/Editor/Editors/CinemachineVirtualCameraBaseEditor.cs' contains partial class of Unity.Object, exactly 1 of the partial classes needs to be in a file with the same filename. This is to know the one that can be referenced from ie. GameObjects
Refreshing native plugins compatible for Editor in 1.37 ms, found 3 plugins.
Native extension for Android target not found
Native extension for WindowsStandalone target not found
Native extension for WebGL target not found
Assembly reference Packages/com.unity.cinemachine/Editor/Samples/ExposeHDRPInternals/HDRP-Editor-ref.asmref has no target assembly definition
[Package Manager] Failed to launch server process. Reason: Unity was launched with the -noUpm command-line argument
[Package Manager] Unable to send message (not connected to server process).
[Package Manager] Cannot connect to Unity Package Manager local server
Mono: successfully reloaded assembly
- Finished resetting the current domain, in  0.747 seconds
Domain Reload Profiling: 1704ms
	BeginReloadAssembly (250ms)
		ExecutionOrderSort (0ms)
		DisableScriptedObjects (8ms)
		BackupInstance (0ms)
		ReleaseScriptingObjects (0ms)
		CreateAndSetChildDomain (57ms)
	RebuildCommonClasses (45ms)
	RebuildNativeTypeToScriptingClass (18ms)
	initialDomainReloadingComplete (39ms)
	LoadAllAssembliesAndSetupDomain (605ms)
		LoadAssemblies (478ms)
		RebuildTransferFunctionScriptingTraits (0ms)
		AnalyzeDomain (254ms)
			TypeCache.Refresh (13ms)
				TypeCache.ScanAssembly (1ms)
			BuildScriptInfoCaches (220ms)
			ResolveRequiredComponents (16ms)
	FinalizeReload (748ms)
		ReleaseScriptCaches (0ms)
		RebuildScriptCaches (0ms)
		SetupLoadedEditorAssemblies (527ms)
			LogAssemblyErrors (0ms)
			InitializePlatformSupportModulesInManaged (13ms)
			SetLoadedEditorAssemblies (5ms)
			BeforeProcessingInitializeOnLoad (136ms)
			ProcessInitializeOnLoadAttributes (321ms)
			ProcessInitializeOnLoadMethodAttributes (48ms)
			AfterProcessingInitializeOnLoad (4ms)
			EditorAssembliesLoaded (0ms)
		ExecutionOrderSort2 (0ms)
		AwakeInstancesAfterBackupRestoration (11ms)
Refreshing native plugins compatible for Editor in 0.62 ms, found 3 plugins.
Preloading 0 native plugins for Editor in 0.00 ms.
Unloading 13 Unused Serialized files (Serialized files now loaded: 0)
Unloading 6363 unused Assets / (4.3 MB). Loaded Objects now: 7193.
Memory consumption went from 161.9 MB to 157.7 MB.
Total: 7.713000 ms (FindLiveObjects: 0.529900 ms CreateObjectMapping: 0.466000 ms MarkObjects: 4.539800 ms  DeleteObjects: 2.176000 ms)

Prepare: number of updated asset objects reloaded= 0
========================================================================
Received Prepare
Assembly reference Packages/com.unity.cinemachine/Editor/Samples/ExposeHDRPInternals/HDRP-Editor-ref.asmref has no target assembly definition
Assembly reference Packages/com.unity.cinemachine/Editor/Samples/ExposeHDRPInternals/HDRP-Editor-ref.asmref has no target assembly definition
Begin MonoManager ReloadAssembly
- Loaded All Assemblies, in  0.605 seconds
Assembly reference Packages/com.unity.cinemachine/Editor/Samples/ExposeHDRPInternals/HDRP-Editor-ref.asmref has no target assembly definition
'Packages/com.unity.cinemachine/Editor/Obsolete/CinemachineVirtualCameraBaseEditor.cs' contains partial class of Unity.Object, exactly 1 of the partial classes needs to be in a file with the same filename. This is to know the one that can be referenced from ie. GameObjects
'Packages/com.unity.cinemachine/Editor/Editors/CinemachineVirtualCameraBaseEditor.cs' contains partial class of Unity.Object, exactly 1 of the partial classes needs to be in a file with the same filename. This is to know the one that can be referenced from ie. GameObjects
Refreshing native plugins compatible for Editor in 0.58 ms, found 3 plugins.
Native extension for Android target not found
Native extension for WindowsStandalone target not found
Native extension for WebGL target not found
Assembly reference Packages/com.unity.cinemachine/Editor/Samples/ExposeHDRPInternals/HDRP-Editor-ref.asmref has no target assembly definition
[Package Manager] Failed to launch server process. Reason: Unity was launched with the -noUpm command-line argument
[Package Manager] Unable to send message (not connected to server process).
[Package Manager] Cannot connect to Unity Package Manager local server
Mono: successfully reloaded assembly
- Finished resetting the current domain, in  0.662 seconds
Domain Reload Profiling: 1266ms
	BeginReloadAssembly (164ms)
		ExecutionOrderSort (0ms)
		DisableScriptedObjects (4ms)
		BackupInstance (0ms)
		ReleaseScriptingObjects (0ms)
		CreateAndSetChildDomain (43ms)
	RebuildCommonClasses (32ms)
	RebuildNativeTypeToScriptingClass (11ms)
	initialDomainReloadingComplete (24ms)
	LoadAllAssembliesAndSetupDomain (373ms)
		LoadAssemblies (297ms)
		RebuildTransferFunctionScriptingTraits (0ms)
		AnalyzeDomain (157ms)
			TypeCache.Refresh (8ms)
				TypeCache.ScanAssembly (0ms)
			BuildScriptInfoCaches (133ms)
			ResolveRequiredComponents (10ms)
	FinalizeReload (662ms)
		ReleaseScriptCaches (0ms)
		RebuildScriptCaches (0ms)
		SetupLoadedEditorAssemblies (502ms)
			LogAssemblyErrors (0ms)
			InitializePlatformSupportModulesInManaged (11ms)
			SetLoadedEditorAssemblies (5ms)
			BeforeProcessingInitializeOnLoad (134ms)
			ProcessInitializeOnLoadAttributes (299ms)
			ProcessInitializeOnLoadMethodAttributes (47ms)
			AfterProcessingInitializeOnLoad (5ms)
			EditorAssembliesLoaded (0ms)
		ExecutionOrderSort2 (0ms)
		AwakeInstancesAfterBackupRestoration (14ms)
Refreshing native plugins compatible for Editor in 0.82 ms, found 3 plugins.
Preloading 0 native plugins for Editor in 0.00 ms.
Unloading 13 Unused Serialized files (Serialized files now loaded: 0)
Unloading 6363 unused Assets / (4.7 MB). Loaded Objects now: 7195.
Memory consumption went from 164.3 MB to 159.6 MB.
Total: 7.561500 ms (FindLiveObjects: 0.565800 ms CreateObjectMapping: 0.545300 ms MarkObjects: 4.147900 ms  DeleteObjects: 2.301000 ms)

Prepare: number of updated asset objects reloaded= 0
Editor requested this worker to shutdown with reason: Scaling down because of idle timeout
AssetImportWorker is now disconnected from the server
Process exiting
Exiting without the bug reporter. Application will terminate with return code 0