Using pre-set license
Built from '6000.1/staging' branch; Version is '6000.1.1f1 (7197418f847b) revision 7444289'; Using compiler version '194234433'; Build Type 'Release'
OS: 'Windows 11  (10.0.26100) 64bit CoreSingleLanguage' Language: 'en' Physical Memory: 16050 MB
BatchMode: 1, IsHumanControllingUs: 0, StartBugReporterOnCrash: 0, Is64bit: 1, IsPro: 1
Date: 2025-05-31T12:26:38Z

COMMAND LINE ARGUMENTS:
C:\Program Files\Unity\Hub\Editor\6000.1.1f1\Editor\Unity.exe
-adb2
-batchMode
-noUpm
-name
AssetImportWorker3
-projectPath
C:/Users/subha/Fav game implement
-logFile
Logs/AssetImportWorker3.log
-srvPort
51971
-job-worker-count
7
-background-job-worker-count
8
-gc-helper-count
1
-name
AssetImport
Successfully changed project path to: C:/Users/subha/Fav game implement
C:/Users/subha/Fav game implement
[UnityMemory] Configuration Parameters - Can be set up in boot.config
    "memorysetup-allocator-temp-initial-block-size-main=262144"
    "memorysetup-allocator-temp-initial-block-size-worker=262144"
    "memorysetup-bucket-allocator-granularity=16"
    "memorysetup-bucket-allocator-bucket-count=8"
    "memorysetup-bucket-allocator-block-size=33554432"
    "memorysetup-bucket-allocator-block-count=8"
    "memorysetup-main-allocator-block-size=16777216"
    "memorysetup-thread-allocator-block-size=16777216"
    "memorysetup-gfx-main-allocator-block-size=16777216"
    "memorysetup-gfx-thread-allocator-block-size=16777216"
    "memorysetup-cache-allocator-block-size=4194304"
    "memorysetup-typetree-allocator-block-size=2097152"
    "memorysetup-profiler-bucket-allocator-granularity=16"
    "memorysetup-profiler-bucket-allocator-bucket-count=8"
    "memorysetup-profiler-bucket-allocator-block-size=33554432"
    "memorysetup-profiler-bucket-allocator-block-count=8"
    "memorysetup-profiler-allocator-block-size=16777216"
    "memorysetup-profiler-editor-allocator-block-size=1048576"
    "memorysetup-temp-allocator-size-main=16777216"
    "memorysetup-job-temp-allocator-block-size=2097152"
    "memorysetup-job-temp-allocator-block-size-background=1048576"
    "memorysetup-job-temp-allocator-reduction-small-platforms=262144"
    "memorysetup-temp-allocator-size-background-worker=32768"
    "memorysetup-temp-allocator-size-job-worker=262144"
    "memorysetup-temp-allocator-size-preload-manager=33554432"
    "memorysetup-temp-allocator-size-nav-mesh-worker=65536"
    "memorysetup-temp-allocator-size-audio-worker=65536"
    "memorysetup-temp-allocator-size-cloud-worker=32768"
    "memorysetup-temp-allocator-size-gi-baking-worker=262144"
    "memorysetup-temp-allocator-size-gi-baking-worker=262144"
    "memorysetup-temp-allocator-size-gi-baking-worker=262144"
    "memorysetup-temp-allocator-size-gi-baking-worker=262144"
    "memorysetup-temp-allocator-size-gi-baking-worker=262144"
    "memorysetup-temp-allocator-size-gfx=262144"
Player connection [7560]  Target information:

Player connection [7560]  * "[IP] 192.168.74.72 [Port] 0 [Flags] 2 [Guid] 2263179134 [EditorId] 2263179134 [Version] 1048832 [Id] WindowsEditor(7,Samriddhi) [Debug] 1 [PackageName] WindowsEditor [ProjectName] Editor" 

Player connection [7560] Host joined multi-casting on [225.0.0.222:54997]...
Player connection [7560] Host joined alternative multi-casting on [225.0.0.222:34997]...
JobSystem: Creating JobQueue using job-worker-count value 7
Input System module state changed to: Initialized.
[Physics::Module] Initialized fallback backend.
[Physics::Module] Id: 0xdecafbad
Library Redirect Path: Library/
[Physics::Module] Selected backend.
[Physics::Module] Name: PhysX
[Physics::Module] Id: 0xf2b8ea05
[Physics::Module] SDK Version: 4.1.2
[Physics::Module] Integration Version: 1.0.0
[Physics::Module] Threading Mode: Multi-Threaded
Refreshing native plugins compatible for Editor in 1.72 ms, found 3 plugins.
Preloading 0 native plugins for Editor in 0.00 ms.
Initialize engine version: 6000.1.1f1 (7197418f847b)
[Subsystems] Discovering subsystems at path C:/Program Files/Unity/Hub/Editor/6000.1.1f1/Editor/Data/Resources/UnitySubsystems
[Subsystems] Discovering subsystems at path C:/Users/subha/Fav game implement/Assets
GfxDevice: creating device client; kGfxThreadingModeNonThreaded
Direct3D:
    Version:         Direct3D 12 [level 12.1]
    Renderer:        NVIDIA GeForce RTX 3050 4GB Laptop GPU (ID=0x25ab)
    Vendor:          NVIDIA
    VRAM:            3965 MB
    App VRAM Budget: 3370 MB
    Driver:          32.0.15.6614
Initialize mono
Mono path[0] = 'C:/Program Files/Unity/Hub/Editor/6000.1.1f1/Editor/Data/Managed'
Mono path[1] = 'C:/Program Files/Unity/Hub/Editor/6000.1.1f1/Editor/Data/MonoBleedingEdge/lib/mono/unityjit-win32'
Mono config path = 'C:/Program Files/Unity/Hub/Editor/6000.1.1f1/Editor/Data/MonoBleedingEdge/etc'
Using monoOptions --debugger-agent=transport=dt_socket,embedding=1,server=y,suspend=n,address=127.0.0.1:56588
Begin MonoManager ReloadAssembly
Registering precompiled unity dll's ...
Register platform support module: C:/Program Files/Unity/Hub/Editor/6000.1.1f1/Editor/Data/PlaybackEngines/WebGLSupport/UnityEditor.WebGL.Extensions.dll
Register platform support module: C:/Program Files/Unity/Hub/Editor/6000.1.1f1/Editor/Data/PlaybackEngines/WindowsStandaloneSupport/UnityEditor.WindowsStandalone.Extensions.dll
Register platform support module: C:/Program Files/Unity/Hub/Editor/6000.1.1f1/Editor/Data/PlaybackEngines/AndroidPlayer/UnityEditor.Android.Extensions.dll
Registered in 0.007201 seconds.
- Loaded All Assemblies, in  0.530 seconds
Native extension for Android target not found
Android Extension - Scanning For ADB Devices 242 ms
Native extension for WindowsStandalone target not found
Native extension for WebGL target not found
Mono: successfully reloaded assembly
- Finished resetting the current domain, in  0.587 seconds
Domain Reload Profiling: 1115ms
	BeginReloadAssembly (242ms)
		ExecutionOrderSort (0ms)
		DisableScriptedObjects (0ms)
		BackupInstance (0ms)
		ReleaseScriptingObjects (0ms)
		CreateAndSetChildDomain (1ms)
	RebuildCommonClasses (36ms)
	RebuildNativeTypeToScriptingClass (10ms)
	initialDomainReloadingComplete (54ms)
	LoadAllAssembliesAndSetupDomain (185ms)
		LoadAssemblies (240ms)
		RebuildTransferFunctionScriptingTraits (0ms)
		AnalyzeDomain (180ms)
			TypeCache.Refresh (179ms)
				TypeCache.ScanAssembly (167ms)
			BuildScriptInfoCaches (0ms)
			ResolveRequiredComponents (0ms)
	FinalizeReload (587ms)
		ReleaseScriptCaches (0ms)
		RebuildScriptCaches (0ms)
		SetupLoadedEditorAssemblies (547ms)
			LogAssemblyErrors (0ms)
			InitializePlatformSupportModulesInManaged (318ms)
			SetLoadedEditorAssemblies (3ms)
			BeforeProcessingInitializeOnLoad (43ms)
			ProcessInitializeOnLoadAttributes (125ms)
			ProcessInitializeOnLoadMethodAttributes (58ms)
			AfterProcessingInitializeOnLoad (0ms)
			EditorAssembliesLoaded (0ms)
		ExecutionOrderSort2 (0ms)
		AwakeInstancesAfterBackupRestoration (0ms)
Assembly reference Packages/com.unity.cinemachine/Editor/Samples/ExposeHDRPInternals/HDRP-Editor-ref.asmref has no target assembly definition
========================================================================
Worker process is ready to serve import requests
Import Worker Mode flag is 0x00
Assembly reference Packages/com.unity.cinemachine/Editor/Samples/ExposeHDRPInternals/HDRP-Editor-ref.asmref has no target assembly definition
Assembly reference Packages/com.unity.cinemachine/Editor/Samples/ExposeHDRPInternals/HDRP-Editor-ref.asmref has no target assembly definition
Begin MonoManager ReloadAssembly
- Loaded All Assemblies, in  0.804 seconds
Assembly reference Packages/com.unity.cinemachine/Editor/Samples/ExposeHDRPInternals/HDRP-Editor-ref.asmref has no target assembly definition
'Packages/com.unity.cinemachine/Editor/Obsolete/CinemachineVirtualCameraBaseEditor.cs' contains partial class of Unity.Object, exactly 1 of the partial classes needs to be in a file with the same filename. This is to know the one that can be referenced from ie. GameObjects
'Packages/com.unity.cinemachine/Editor/Editors/CinemachineVirtualCameraBaseEditor.cs' contains partial class of Unity.Object, exactly 1 of the partial classes needs to be in a file with the same filename. This is to know the one that can be referenced from ie. GameObjects
Refreshing native plugins compatible for Editor in 0.58 ms, found 3 plugins.
Native extension for Android target not found
Native extension for WindowsStandalone target not found
Native extension for WebGL target not found
Assembly reference Packages/com.unity.cinemachine/Editor/Samples/ExposeHDRPInternals/HDRP-Editor-ref.asmref has no target assembly definition
Package Manager log level set to [2]
[Package Manager] Failed to launch server process. Reason: Unity was launched with the -noUpm command-line argument
[Package Manager] Unable to send message (not connected to server process).
[Package Manager] Cannot connect to Unity Package Manager local server
Mono: successfully reloaded assembly
- Finished resetting the current domain, in  0.640 seconds
Domain Reload Profiling: 1440ms
	BeginReloadAssembly (195ms)
		ExecutionOrderSort (0ms)
		DisableScriptedObjects (7ms)
		BackupInstance (0ms)
		ReleaseScriptingObjects (0ms)
		CreateAndSetChildDomain (37ms)
	RebuildCommonClasses (30ms)
	RebuildNativeTypeToScriptingClass (9ms)
	initialDomainReloadingComplete (30ms)
	LoadAllAssembliesAndSetupDomain (536ms)
		LoadAssemblies (442ms)
		RebuildTransferFunctionScriptingTraits (0ms)
		AnalyzeDomain (206ms)
			TypeCache.Refresh (156ms)
				TypeCache.ScanAssembly (139ms)
			BuildScriptInfoCaches (38ms)
			ResolveRequiredComponents (9ms)
	FinalizeReload (640ms)
		ReleaseScriptCaches (0ms)
		RebuildScriptCaches (0ms)
		SetupLoadedEditorAssemblies (474ms)
			LogAssemblyErrors (0ms)
			InitializePlatformSupportModulesInManaged (9ms)
			SetLoadedEditorAssemblies (3ms)
			BeforeProcessingInitializeOnLoad (101ms)
			ProcessInitializeOnLoadAttributes (310ms)
			ProcessInitializeOnLoadMethodAttributes (47ms)
			AfterProcessingInitializeOnLoad (4ms)
			EditorAssembliesLoaded (0ms)
		ExecutionOrderSort2 (0ms)
		AwakeInstancesAfterBackupRestoration (4ms)
Launched and connected shader compiler UnityShaderCompiler.exe after 0.02 seconds
Refreshing native plugins compatible for Editor in 0.75 ms, found 3 plugins.
Preloading 0 native plugins for Editor in 0.00 ms.
Unloading 204 Unused Serialized files (Serialized files now loaded: 0)
Unloading 6366 unused Assets / (3.8 MB). Loaded Objects now: 7066.
Memory consumption went from 166.9 MB to 163.0 MB.
Total: 6.985300 ms (FindLiveObjects: 0.610800 ms CreateObjectMapping: 0.563100 ms MarkObjects: 3.972200 ms  DeleteObjects: 1.838400 ms)

========================================================================
Received Import Request.
  Time since last request: 92889.532271 seconds.
  path: Assets/CorePro/Flat Pack/Shapes/Custom Rects/A regular octagon - outline 10.png
  artifactKey: Guid(dbd64e77d987657498fdc46e2aca7b34) Importer(815301076,1909f56bfc062723c751e8b465ee728b)
Start importing Assets/CorePro/Flat Pack/Shapes/Custom Rects/A regular octagon - outline 10.png using Guid(dbd64e77d987657498fdc46e2aca7b34) Importer(815301076,1909f56bfc062723c751e8b465ee728b) (PreviewImporter) -> (artifact id: '0a4bdda946e17839cc204017584b2cf5') in 0.150713 seconds
Number of updated asset objects reloaded before import = 0Number of asset objects unloaded after import = 3

========================================================================
Received Import Request.
  Time since last request: 0.000022 seconds.
  path: Assets/CorePro/Flat Pack/Shapes/Custom Rects/Square with two chamfered corners - outline 5 - frame.png
  artifactKey: Guid(311cf77e2cb92aa48b83f3fffef75dca) Importer(815301076,1909f56bfc062723c751e8b465ee728b)
Start importing Assets/CorePro/Flat Pack/Shapes/Custom Rects/Square with two chamfered corners - outline 5 - frame.png using Guid(311cf77e2cb92aa48b83f3fffef75dca) Importer(815301076,1909f56bfc062723c751e8b465ee728b) (PreviewImporter) -> (artifact id: 'a96a015148ab7e44e4434ac88eedc6ea') in 0.0112008 seconds
Number of updated asset objects reloaded before import = 0Number of asset objects unloaded after import = 3

========================================================================
Received Import Request.
  Time since last request: 0.000026 seconds.
  path: Assets/CorePro/Flat Pack/Shapes/Custom Rects/Square with one truncated corner.png
  artifactKey: Guid(103b002ad9129394ab487c3205d8fda0) Importer(815301076,1909f56bfc062723c751e8b465ee728b)
Start importing Assets/CorePro/Flat Pack/Shapes/Custom Rects/Square with one truncated corner.png using Guid(103b002ad9129394ab487c3205d8fda0) Importer(815301076,1909f56bfc062723c751e8b465ee728b) (PreviewImporter) -> (artifact id: '486ce27700fe626584580e508a6f9b31') in 0.0114984 seconds
Number of updated asset objects reloaded before import = 0Number of asset objects unloaded after import = 3

========================================================================
Received Import Request.
  Time since last request: 0.000019 seconds.
  path: Assets/CorePro/Flat Pack/Shapes/Custom Rects/Square with two chamfered corners.png
  artifactKey: Guid(28382ef51d289a44889452abe5aa5902) Importer(815301076,1909f56bfc062723c751e8b465ee728b)
Start importing Assets/CorePro/Flat Pack/Shapes/Custom Rects/Square with two chamfered corners.png using Guid(28382ef51d289a44889452abe5aa5902) Importer(815301076,1909f56bfc062723c751e8b465ee728b) (PreviewImporter) -> (artifact id: '1984aac4310689d77e9bb34c49df7f97') in 0.0094035 seconds
Number of updated asset objects reloaded before import = 0Number of asset objects unloaded after import = 3

========================================================================
Received Import Request.
  Time since last request: 0.000020 seconds.
  path: Assets/CorePro/Flat Pack/Shapes/Custom Rects/A regular octagon - outline 10  - frame.png
  artifactKey: Guid(55c9296c9bd92864a9645ef2d00d4fd6) Importer(815301076,1909f56bfc062723c751e8b465ee728b)
Start importing Assets/CorePro/Flat Pack/Shapes/Custom Rects/A regular octagon - outline 10  - frame.png using Guid(55c9296c9bd92864a9645ef2d00d4fd6) Importer(815301076,1909f56bfc062723c751e8b465ee728b) (PreviewImporter) -> (artifact id: 'a5e04690958cd668a6b789c553dcca40') in 0.0097931 seconds
Number of updated asset objects reloaded before import = 0Number of asset objects unloaded after import = 3

========================================================================
Received Import Request.
  Time since last request: 0.000018 seconds.
  path: Assets/CorePro/Flat Pack/Shapes/Custom Rects/Square with two chamfered corners - outline 20.png
  artifactKey: Guid(6b4b5a32eb4ad3c4ca102b25bf97a776) Importer(815301076,1909f56bfc062723c751e8b465ee728b)
Start importing Assets/CorePro/Flat Pack/Shapes/Custom Rects/Square with two chamfered corners - outline 20.png using Guid(6b4b5a32eb4ad3c4ca102b25bf97a776) Importer(815301076,1909f56bfc062723c751e8b465ee728b) (PreviewImporter) -> (artifact id: '9527389e37d9441d8235655b9702411a') in 0.0094214 seconds
Number of updated asset objects reloaded before import = 0Number of asset objects unloaded after import = 3

========================================================================
Received Import Request.
  Time since last request: 3.048686 seconds.
  path: Assets/CorePro/Flat Pack/Shapes/Dialogs/Dialog 2 - frame.png
  artifactKey: Guid(f6915bc7120fefa45b18d1c5c9c0aa06) Importer(815301076,1909f56bfc062723c751e8b465ee728b)
Start importing Assets/CorePro/Flat Pack/Shapes/Dialogs/Dialog 2 - frame.png using Guid(f6915bc7120fefa45b18d1c5c9c0aa06) Importer(815301076,1909f56bfc062723c751e8b465ee728b) (PreviewImporter) -> (artifact id: 'a071773bfc2532122db05bc92195b27a') in 0.0624156 seconds
Number of updated asset objects reloaded before import = 0Number of asset objects unloaded after import = 3

========================================================================
Received Import Request.
  Time since last request: 0.000026 seconds.
  path: Assets/CorePro/Flat Pack/Shapes/Dialogs/Dialog 7.png
  artifactKey: Guid(b5f542fbeb2fb58479b4b894bc58aae4) Importer(815301076,1909f56bfc062723c751e8b465ee728b)
Start importing Assets/CorePro/Flat Pack/Shapes/Dialogs/Dialog 7.png using Guid(b5f542fbeb2fb58479b4b894bc58aae4) Importer(815301076,1909f56bfc062723c751e8b465ee728b) (PreviewImporter) -> (artifact id: 'd044e919e0ab2cd5d83b7bc3dec9f643') in 0.0598647 seconds
Number of updated asset objects reloaded before import = 0Number of asset objects unloaded after import = 3

========================================================================
Received Import Request.
  Time since last request: 0.000032 seconds.
  path: Assets/CorePro/Flat Pack/Shapes/Dialogs/Dialog 4.png
  artifactKey: Guid(9e65cbbf7b3d78c47a8107af7388afb5) Importer(815301076,1909f56bfc062723c751e8b465ee728b)
Start importing Assets/CorePro/Flat Pack/Shapes/Dialogs/Dialog 4.png using Guid(9e65cbbf7b3d78c47a8107af7388afb5) Importer(815301076,1909f56bfc062723c751e8b465ee728b) (PreviewImporter) -> (artifact id: 'd42cb5aec733b1ebed3da994c6358b17') in 0.0376286 seconds
Number of updated asset objects reloaded before import = 0Number of asset objects unloaded after import = 3

========================================================================
Received Import Request.
  Time since last request: 0.000023 seconds.
  path: Assets/CorePro/Flat Pack/Shapes/Dialogs/Dialog 7 - frame.png
  artifactKey: Guid(b6ad5ecc9e434d04c97757ba22310e26) Importer(815301076,1909f56bfc062723c751e8b465ee728b)
Start importing Assets/CorePro/Flat Pack/Shapes/Dialogs/Dialog 7 - frame.png using Guid(b6ad5ecc9e434d04c97757ba22310e26) Importer(815301076,1909f56bfc062723c751e8b465ee728b) (PreviewImporter) -> (artifact id: 'f8f59a0f9fff5589911755a66b37fc60') in 0.0105166 seconds
Number of updated asset objects reloaded before import = 0Number of asset objects unloaded after import = 3

========================================================================
Received Import Request.
  Time since last request: 2.643378 seconds.
  path: Assets/CorePro/Flat Pack/Shapes/Hexagons/Hexagon A - frame outline 10.png
  artifactKey: Guid(bc9402d5f5a82864d8b7025144943d12) Importer(815301076,1909f56bfc062723c751e8b465ee728b)
Start importing Assets/CorePro/Flat Pack/Shapes/Hexagons/Hexagon A - frame outline 10.png using Guid(bc9402d5f5a82864d8b7025144943d12) Importer(815301076,1909f56bfc062723c751e8b465ee728b) (PreviewImporter) -> (artifact id: '1ea719261430d2bfe9c811f5a38ca71c') in 0.0590584 seconds
Number of updated asset objects reloaded before import = 0Number of asset objects unloaded after import = 3

========================================================================
Received Import Request.
  Time since last request: 0.000025 seconds.
  path: Assets/CorePro/Flat Pack/Shapes/Hexagons/Hexagon A - frame outline 20.png
  artifactKey: Guid(fbb0562a41f78cc4cb1d78a2cc384941) Importer(815301076,1909f56bfc062723c751e8b465ee728b)
Start importing Assets/CorePro/Flat Pack/Shapes/Hexagons/Hexagon A - frame outline 20.png using Guid(fbb0562a41f78cc4cb1d78a2cc384941) Importer(815301076,1909f56bfc062723c751e8b465ee728b) (PreviewImporter) -> (artifact id: 'cfa0fb0ecd883e9a0d0a90a0bebd23ca') in 0.0571868 seconds
Number of updated asset objects reloaded before import = 0Number of asset objects unloaded after import = 3

========================================================================
Received Import Request.
  Time since last request: 0.000022 seconds.
  path: Assets/CorePro/Flat Pack/Shapes/Hexagons/Hexagon A - outline 5.png
  artifactKey: Guid(3307eedf741a57148be4c9e90983bcfc) Importer(815301076,1909f56bfc062723c751e8b465ee728b)
Start importing Assets/CorePro/Flat Pack/Shapes/Hexagons/Hexagon A - outline 5.png using Guid(3307eedf741a57148be4c9e90983bcfc) Importer(815301076,1909f56bfc062723c751e8b465ee728b) (PreviewImporter) -> (artifact id: '7f06e63a7076b994c48ec6491908b1f6') in 0.0610911 seconds
Number of updated asset objects reloaded before import = 0Number of asset objects unloaded after import = 3

========================================================================
Received Import Request.
  Time since last request: 3.203078 seconds.
  path: Assets/CorePro/Flat Pack/Shapes/Modern/Rect Modern 2 - accent.png
  artifactKey: Guid(4ace059dc748d834fa81de28d0c62b9e) Importer(815301076,1909f56bfc062723c751e8b465ee728b)
Start importing Assets/CorePro/Flat Pack/Shapes/Modern/Rect Modern 2 - accent.png using Guid(4ace059dc748d834fa81de28d0c62b9e) Importer(815301076,1909f56bfc062723c751e8b465ee728b) (PreviewImporter) -> (artifact id: 'bb491222119f5c73ba278e0e3f2d8dbf') in 0.0350013 seconds
Number of updated asset objects reloaded before import = 0Number of asset objects unloaded after import = 3

========================================================================
Received Import Request.
  Time since last request: 0.000016 seconds.
  path: Assets/CorePro/Flat Pack/Shapes/Modern/Rect Modern 6b.png
  artifactKey: Guid(b8bf6c4be64f8144cbab901753e097f1) Importer(815301076,1909f56bfc062723c751e8b465ee728b)
Start importing Assets/CorePro/Flat Pack/Shapes/Modern/Rect Modern 6b.png using Guid(b8bf6c4be64f8144cbab901753e097f1) Importer(815301076,1909f56bfc062723c751e8b465ee728b) (PreviewImporter) -> (artifact id: '9265c46bf49d7ab92b6626942ddf0e8d') in 0.0583062 seconds
Number of updated asset objects reloaded before import = 0Number of asset objects unloaded after import = 3

========================================================================
Received Import Request.
  Time since last request: 0.000016 seconds.
  path: Assets/CorePro/Flat Pack/Shapes/Modern/Rect Modern 10c.png
  artifactKey: Guid(399f87bff2f769b4eaa6f7bf14e37d72) Importer(815301076,1909f56bfc062723c751e8b465ee728b)
Start importing Assets/CorePro/Flat Pack/Shapes/Modern/Rect Modern 10c.png using Guid(399f87bff2f769b4eaa6f7bf14e37d72) Importer(815301076,1909f56bfc062723c751e8b465ee728b) (PreviewImporter) -> (artifact id: '6c86bd7524eb655262e4c9cab6ffe034') in 0.0441768 seconds
Number of updated asset objects reloaded before import = 0Number of asset objects unloaded after import = 3

========================================================================
Received Import Request.
  Time since last request: 0.000020 seconds.
  path: Assets/CorePro/Flat Pack/Shapes/Modern/Rect Modern 5 - accent.png
  artifactKey: Guid(52a57f09625c6d4489c29a92fa232e9a) Importer(815301076,1909f56bfc062723c751e8b465ee728b)
Start importing Assets/CorePro/Flat Pack/Shapes/Modern/Rect Modern 5 - accent.png using Guid(52a57f09625c6d4489c29a92fa232e9a) Importer(815301076,1909f56bfc062723c751e8b465ee728b) (PreviewImporter) -> (artifact id: '2ea2cb1faa9e928c7aa9641421320898') in 0.010539 seconds
Number of updated asset objects reloaded before import = 0Number of asset objects unloaded after import = 3

========================================================================
Received Import Request.
  Time since last request: 0.000040 seconds.
  path: Assets/CorePro/Flat Pack/Shapes/Modern/Rect Modern 9 - base.png
  artifactKey: Guid(aef6834e7a7642f498f8afd5c26cc548) Importer(815301076,1909f56bfc062723c751e8b465ee728b)
Start importing Assets/CorePro/Flat Pack/Shapes/Modern/Rect Modern 9 - base.png using Guid(aef6834e7a7642f498f8afd5c26cc548) Importer(815301076,1909f56bfc062723c751e8b465ee728b) (PreviewImporter) -> (artifact id: '2e5b19095e749b7761c322b5e47660ec') in 0.0122368 seconds
Number of updated asset objects reloaded before import = 0Number of asset objects unloaded after import = 3

========================================================================
Received Import Request.
  Time since last request: 0.000019 seconds.
  path: Assets/CorePro/Flat Pack/Shapes/Modern/Rect Modern 6 - accent.png
  artifactKey: Guid(d6cf42527e03e2b45abcf1ee0d60d73d) Importer(815301076,1909f56bfc062723c751e8b465ee728b)
Start importing Assets/CorePro/Flat Pack/Shapes/Modern/Rect Modern 6 - accent.png using Guid(d6cf42527e03e2b45abcf1ee0d60d73d) Importer(815301076,1909f56bfc062723c751e8b465ee728b) (PreviewImporter) -> (artifact id: '7bb13dcd50cacf598733152d27acb90d') in 0.0115108 seconds
Number of updated asset objects reloaded before import = 0Number of asset objects unloaded after import = 3

========================================================================
Received Import Request.
  Time since last request: 0.000021 seconds.
  path: Assets/CorePro/Flat Pack/Shapes/Modern/Rect modern 8 - base.png
  artifactKey: Guid(7e701380f8d917d4580aae4f6740b64d) Importer(815301076,1909f56bfc062723c751e8b465ee728b)
Start importing Assets/CorePro/Flat Pack/Shapes/Modern/Rect modern 8 - base.png using Guid(7e701380f8d917d4580aae4f6740b64d) Importer(815301076,1909f56bfc062723c751e8b465ee728b) (PreviewImporter) -> (artifact id: '8aa723e139342f0bd8f4a55e62e03f7b') in 0.0116158 seconds
Number of updated asset objects reloaded before import = 0Number of asset objects unloaded after import = 3

========================================================================
Received Import Request.
  Time since last request: 0.000017 seconds.
  path: Assets/CorePro/Flat Pack/Shapes/Modern/Rect Modern 5b.png
  artifactKey: Guid(e445c988445fac74fa2bc3bdfed9bc85) Importer(815301076,1909f56bfc062723c751e8b465ee728b)
Start importing Assets/CorePro/Flat Pack/Shapes/Modern/Rect Modern 5b.png using Guid(e445c988445fac74fa2bc3bdfed9bc85) Importer(815301076,1909f56bfc062723c751e8b465ee728b) (PreviewImporter) -> (artifact id: 'f584f3d0b7d3f10afb02ae782cb37a3b') in 0.0129732 seconds
Number of updated asset objects reloaded before import = 0Number of asset objects unloaded after import = 3

========================================================================
Received Import Request.
  Time since last request: 0.518528 seconds.
  path: Assets/CorePro/Flat Pack/Shapes/Modern/Rect Modern 13.png
  artifactKey: Guid(c962366605be9b843932647d193cb405) Importer(815301076,1909f56bfc062723c751e8b465ee728b)
Start importing Assets/CorePro/Flat Pack/Shapes/Modern/Rect Modern 13.png using Guid(c962366605be9b843932647d193cb405) Importer(815301076,1909f56bfc062723c751e8b465ee728b) (PreviewImporter) -> (artifact id: 'e6399c090dd74d20fa54e8508a4de180') in 0.0122997 seconds
Number of updated asset objects reloaded before import = 0Number of asset objects unloaded after import = 3

========================================================================
Received Import Request.
  Time since last request: 0.000018 seconds.
  path: Assets/CorePro/Flat Pack/Shapes/Modern/Rect Modern base 1.png
  artifactKey: Guid(0f544501a3160694cb2e9d1959b24777) Importer(815301076,1909f56bfc062723c751e8b465ee728b)
Start importing Assets/CorePro/Flat Pack/Shapes/Modern/Rect Modern base 1.png using Guid(0f544501a3160694cb2e9d1959b24777) Importer(815301076,1909f56bfc062723c751e8b465ee728b) (PreviewImporter) -> (artifact id: '04a69d85e96800f0ae247b0e8060f249') in 0.0123443 seconds
Number of updated asset objects reloaded before import = 0Number of asset objects unloaded after import = 3

========================================================================
Received Import Request.
  Time since last request: 11.815403 seconds.
  path: Assets/CorePro/Flat Pack/Fonts/lato/Lato-BoldItalic SDF.asset
  artifactKey: Guid(692fbc68a1d1635488de64757e0c3492) Importer(815301076,1909f56bfc062723c751e8b465ee728b)
Start importing Assets/CorePro/Flat Pack/Fonts/lato/Lato-BoldItalic SDF.asset using Guid(692fbc68a1d1635488de64757e0c3492) Importer(815301076,1909f56bfc062723c751e8b465ee728b) (PreviewImporter) -> (artifact id: 'faa22bf4e45da9ed3d23635ea3eddf9e') in 0.4581283 seconds
Number of updated asset objects reloaded before import = 0Number of asset objects unloaded after import = 6

========================================================================
Received Import Request.
  Time since last request: 0.000040 seconds.
  path: Assets/CorePro/Flat Pack/Fonts/lato/Lato-SemiboldItalic SDF.asset
  artifactKey: Guid(715aac65b240bd748b38cd629028fbe6) Importer(815301076,1909f56bfc062723c751e8b465ee728b)
Start importing Assets/CorePro/Flat Pack/Fonts/lato/Lato-SemiboldItalic SDF.asset using Guid(715aac65b240bd748b38cd629028fbe6) Importer(815301076,1909f56bfc062723c751e8b465ee728b) (PreviewImporter) -> (artifact id: '34e7d021c31d60d2a4a4dbba9b057a2b') in 0.0522933 seconds
Number of updated asset objects reloaded before import = 0Number of asset objects unloaded after import = 6

========================================================================
Received Import Request.
  Time since last request: 0.000041 seconds.
  path: Assets/CorePro/Flat Pack/Fonts/lato/Lato-Regular SDF.asset
  artifactKey: Guid(a2c185c821ccff74eae3c5a351c79e5f) Importer(815301076,1909f56bfc062723c751e8b465ee728b)
Start importing Assets/CorePro/Flat Pack/Fonts/lato/Lato-Regular SDF.asset using Guid(a2c185c821ccff74eae3c5a351c79e5f) Importer(815301076,1909f56bfc062723c751e8b465ee728b) (PreviewImporter) -> (artifact id: 'bf67dffe169d05ee2808b846d7967240') in 0.0376137 seconds
Number of updated asset objects reloaded before import = 0Number of asset objects unloaded after import = 6

========================================================================
Received Import Request.
  Time since last request: 0.000024 seconds.
  path: Assets/CorePro/Flat Pack/Fonts/lato/Lato-Heavy SDF.asset
  artifactKey: Guid(4cbdf439fba57604e9054be4294f9a9a) Importer(815301076,1909f56bfc062723c751e8b465ee728b)
Start importing Assets/CorePro/Flat Pack/Fonts/lato/Lato-Heavy SDF.asset using Guid(4cbdf439fba57604e9054be4294f9a9a) Importer(815301076,1909f56bfc062723c751e8b465ee728b) (PreviewImporter) -> (artifact id: 'bcd77956f0d77d40cac3c8e09601237c') in 0.049965 seconds
Number of updated asset objects reloaded before import = 0Number of asset objects unloaded after import = 6

========================================================================
Received Import Request.
  Time since last request: 0.000048 seconds.
  path: Assets/CorePro/Flat Pack/Fonts/lato/Lato-Hairline SDF.asset
  artifactKey: Guid(1322b9d899d3fe547ae06640c8ed73cf) Importer(815301076,1909f56bfc062723c751e8b465ee728b)
Start importing Assets/CorePro/Flat Pack/Fonts/lato/Lato-Hairline SDF.asset using Guid(1322b9d899d3fe547ae06640c8ed73cf) Importer(815301076,1909f56bfc062723c751e8b465ee728b) (PreviewImporter) -> (artifact id: '95045db450330bb17c72b61363f3849c') in 0.0212901 seconds
Number of updated asset objects reloaded before import = 0Number of asset objects unloaded after import = 6

========================================================================
Received Import Request.
  Time since last request: 199.686460 seconds.
  path: Assets/CorePro/Flat Pack/Fonts/lato/TTF/Lato-MediumItalic.ttf
  artifactKey: Guid(9e2f4791a484dbd4294f8d3b392f4361) Importer(815301076,1909f56bfc062723c751e8b465ee728b)
Start importing Assets/CorePro/Flat Pack/Fonts/lato/TTF/Lato-MediumItalic.ttf using Guid(9e2f4791a484dbd4294f8d3b392f4361) Importer(815301076,1909f56bfc062723c751e8b465ee728b) (PreviewImporter) -> (artifact id: '7601a2fc3d06d4a1fc8b5d4362182ae3') in 0.0517366 seconds
Number of updated asset objects reloaded before import = 0Number of asset objects unloaded after import = 4

========================================================================
Received Import Request.
  Time since last request: 0.000036 seconds.
  path: Assets/CorePro/Flat Pack/Fonts/lato/TTF/Lato-Semibold.ttf
  artifactKey: Guid(5dcf874b24e25274fa8ccd5339d5c1b5) Importer(815301076,1909f56bfc062723c751e8b465ee728b)
Start importing Assets/CorePro/Flat Pack/Fonts/lato/TTF/Lato-Semibold.ttf using Guid(5dcf874b24e25274fa8ccd5339d5c1b5) Importer(815301076,1909f56bfc062723c751e8b465ee728b) (PreviewImporter) -> (artifact id: '3ec2e000a45f09b451d26aae4f9df5e7') in 0.0257805 seconds
Number of updated asset objects reloaded before import = 0Number of asset objects unloaded after import = 4

========================================================================
Received Import Request.
  Time since last request: 0.000028 seconds.
  path: Assets/CorePro/Flat Pack/Fonts/lato/TTF/Lato-SemiboldItalic.ttf
  artifactKey: Guid(9da136eb519878b469f4e254e6b48275) Importer(815301076,1909f56bfc062723c751e8b465ee728b)
Start importing Assets/CorePro/Flat Pack/Fonts/lato/TTF/Lato-SemiboldItalic.ttf using Guid(9da136eb519878b469f4e254e6b48275) Importer(815301076,1909f56bfc062723c751e8b465ee728b) (PreviewImporter) -> (artifact id: '4b1100aea4e7e54cdb4b241cebd48e6a') in 0.0252685 seconds
Number of updated asset objects reloaded before import = 0Number of asset objects unloaded after import = 4

========================================================================
Received Import Request.
  Time since last request: 0.795254 seconds.
  path: Assets/CorePro/Flat Pack/Fonts/lato/TTF/Lato-LightItalic.ttf
  artifactKey: Guid(a6e7c95a5adbcdd498db4ff76005a6a9) Importer(815301076,1909f56bfc062723c751e8b465ee728b)
Start importing Assets/CorePro/Flat Pack/Fonts/lato/TTF/Lato-LightItalic.ttf using Guid(a6e7c95a5adbcdd498db4ff76005a6a9) Importer(815301076,1909f56bfc062723c751e8b465ee728b) (PreviewImporter) -> (artifact id: '87257f9c119c5b7d83de4206b86ef561') in 0.0143618 seconds
Number of updated asset objects reloaded before import = 0Number of asset objects unloaded after import = 4

========================================================================
Received Import Request.
  Time since last request: 0.000025 seconds.
  path: Assets/CorePro/Flat Pack/Fonts/lato/TTF/Lato-HeavyItalic.ttf
  artifactKey: Guid(d88581d80bc47c1469b6a99f5d2a040b) Importer(815301076,1909f56bfc062723c751e8b465ee728b)
Start importing Assets/CorePro/Flat Pack/Fonts/lato/TTF/Lato-HeavyItalic.ttf using Guid(d88581d80bc47c1469b6a99f5d2a040b) Importer(815301076,1909f56bfc062723c751e8b465ee728b) (PreviewImporter) -> (artifact id: 'bb696914b0100e8cb1b67aabd7f1e6ec') in 0.014372 seconds
Number of updated asset objects reloaded before import = 0Number of asset objects unloaded after import = 4

========================================================================
Received Import Request.
  Time since last request: 0.029952 seconds.
  path: Assets/CorePro/Flat Pack/Fonts/lato/TTF/Lato-Heavy.ttf
  artifactKey: Guid(18d67155ef5724f4781c08482219c436) Importer(815301076,1909f56bfc062723c751e8b465ee728b)
Start importing Assets/CorePro/Flat Pack/Fonts/lato/TTF/Lato-Heavy.ttf using Guid(18d67155ef5724f4781c08482219c436) Importer(815301076,1909f56bfc062723c751e8b465ee728b) (PreviewImporter) -> (artifact id: '00f784533f6e478d480ae3729e8619d4') in 0.0151798 seconds
Number of updated asset objects reloaded before import = 0Number of asset objects unloaded after import = 4

Editor requested this worker to shutdown with reason: Scaling down because of idle timeout
AssetImportWorkerClient::OnTransportError - code=2 error=End of file
AssetImportWorker is now disconnected from the server
Process exiting
Exiting without the bug reporter. Application will terminate with return code 0